This is pdfTeX, Version 3.14159265-2.6-1.40.16 (MiKTeX 2.9 64-bit) (preloaded format=pdflatex 2016.4.3)  4 APR 2016 00:35
entering extended mode
**./Thesis.tex
(Thesis.tex
LaTeX2e <2015/10/01> patch level 2
Babel <3.9n> and hyphenation patterns for 69 languages loaded.
(Thesis.cls
Document Class: Thesis 2007/22/02 v1.0 LaTeX document class
("C:\Program Files\MiKTeX 2.9\tex\latex\base\book.cls"
Document Class: book 2014/09/29 v1.4h Standard LaTeX document class
("C:\Program Files\MiKTeX 2.9\tex\latex\base\bk11.clo"
File: bk11.clo 2014/09/29 v1.4h Standard LaTeX file (size option)
)
\c@part=\count79
\c@chapter=\count80
\c@section=\count81
\c@subsection=\count82
\c@subsubsection=\count83
\c@paragraph=\count84
\c@subparagraph=\count85
\c@figure=\count86
\c@table=\count87
\abovecaptionskip=\skip41
\belowcaptionskip=\skip42
\bibindent=\dimen102
)
(C:\Users\USER\AppData\Roaming\MiKTeX\2.9\tex\latex\setspace\setspace.sty
Package: setspace 2011/12/19 v6.7a set line spacing
)
(C:\Users\USER\AppData\Roaming\MiKTeX\2.9\tex\latex\ieeepes\vmargin.sty
Package: vmargin 1999/06/01

Package `vmargin', V2.2, <1999/06/01>
\PaperWidth=\dimen103
\PaperHeight=\dimen104
) (C:\Users\USER\AppData\Roaming\MiKTeX\2.9\tex\latex\fancyhdr\fancyhdr.sty
\fancy@headwidth=\skip43
\f@ncyO@elh=\skip44
\f@ncyO@erh=\skip45
\f@ncyO@olh=\skip46
\f@ncyO@orh=\skip47
\f@ncyO@elf=\skip48
\f@ncyO@erf=\skip49
\f@ncyO@olf=\skip50
\f@ncyO@orf=\skip51
)
("C:\Program Files\MiKTeX 2.9\tex\latex\amsmath\amsmath.sty"
Package: amsmath 2013/01/14 v2.14 AMS math features
\@mathmargin=\skip52

For additional information on amsmath, use the `?' option.
("C:\Program Files\MiKTeX 2.9\tex\latex\amsmath\amstext.sty"
Package: amstext 2000/06/29 v2.01

("C:\Program Files\MiKTeX 2.9\tex\latex\amsmath\amsgen.sty"
File: amsgen.sty 1999/11/30 v2.0
\@emptytoks=\toks14
\ex@=\dimen105
))
("C:\Program Files\MiKTeX 2.9\tex\latex\amsmath\amsbsy.sty"
Package: amsbsy 1999/11/29 v1.2d
\pmbraise@=\dimen106
)
("C:\Program Files\MiKTeX 2.9\tex\latex\amsmath\amsopn.sty"
Package: amsopn 1999/12/14 v2.01 operator names
)
\inf@bad=\count88
LaTeX Info: Redefining \frac on input line 210.
\uproot@=\count89
\leftroot@=\count90
LaTeX Info: Redefining \overline on input line 306.
\classnum@=\count91
\DOTSCASE@=\count92
LaTeX Info: Redefining \ldots on input line 378.
LaTeX Info: Redefining \dots on input line 381.
LaTeX Info: Redefining \cdots on input line 466.
\Mathstrutbox@=\box26
\strutbox@=\box27
\big@size=\dimen107
LaTeX Font Info:    Redeclaring font encoding OML on input line 566.
LaTeX Font Info:    Redeclaring font encoding OMS on input line 567.
\macc@depth=\count93
\c@MaxMatrixCols=\count94
\dotsspace@=\muskip10
\c@parentequation=\count95
\dspbrk@lvl=\count96
\tag@help=\toks15
\row@=\count97
\column@=\count98
\maxfields@=\count99
\andhelp@=\toks16
\eqnshift@=\dimen108
\alignsep@=\dimen109
\tagshift@=\dimen110
\tagwidth@=\dimen111
\totwidth@=\dimen112
\lineht@=\dimen113
\@envbody=\toks17
\multlinegap=\skip53
\multlinetaggap=\skip54
\mathdisplay@stack=\toks18
LaTeX Info: Redefining \[ on input line 2665.
LaTeX Info: Redefining \] on input line 2666.
)
("C:\Program Files\MiKTeX 2.9\tex\latex\amsfonts\amsfonts.sty"
Package: amsfonts 2013/01/14 v3.01 Basic AMSFonts support
\symAMSa=\mathgroup4
\symAMSb=\mathgroup5
LaTeX Font Info:    Overwriting math alphabet `\mathfrak' in version `bold'
(Font)                  U/euf/m/n --> U/euf/b/n on input line 106.
)
("C:\Program Files\MiKTeX 2.9\tex\latex\amsfonts\amssymb.sty"
Package: amssymb 2013/01/14 v3.01 AMS font symbols
)
("C:\Program Files\MiKTeX 2.9\tex\latex\amsmath\amscd.sty"
Package: amscd 1999/11/29 v2.0
\athelp@=\toks19
\minaw@=\dimen114
\bigaw@=\dimen115
\minCDarrowwidth=\dimen116
)
("C:\Program Files\MiKTeX 2.9\tex\latex\amscls\amsthm.sty"
Package: amsthm 2015/03/04 v2.20.2
\thm@style=\toks20
\thm@bodyfont=\toks21
\thm@headfont=\toks22
\thm@notefont=\toks23
\thm@headpunct=\toks24
\thm@preskip=\skip55
\thm@postskip=\skip56
\thm@headsep=\skip57
\dth@everypar=\toks25
)
("C:\Program Files\MiKTeX 2.9\tex\latex\tools\xspace.sty"
Package: xspace 2014/10/28 v1.13 Space after command names (DPC,MH)
)
\c@example=\count100
\c@theorem=\count101

(C:\Users\USER\AppData\Roaming\MiKTeX\2.9\tex\latex\caption\caption.sty
Package: caption 2016/02/21 v3.3-144 Customizing captions (AR)

(C:\Users\USER\AppData\Roaming\MiKTeX\2.9\tex\latex\caption\caption3.sty
Package: caption3 2016/02/04 v1.7-139 caption3 kernel (AR)
Package caption3 Info: TeX engine: e-TeX on input line 67.

("C:\Program Files\MiKTeX 2.9\tex\latex\graphics\keyval.sty"
Package: keyval 2014/10/28 v1.15 key=value parser (DPC)
\KV@toks@=\toks26
)
\captionmargin=\dimen117
\captionmargin@=\dimen118
\captionwidth=\dimen119
\caption@tempdima=\dimen120
\caption@indent=\dimen121
\caption@parindent=\dimen122
\caption@hangindent=\dimen123
)
\c@ContinuedFloat=\count102
)
("C:\Program Files\MiKTeX 2.9\tex\latex\graphics\graphicx.sty"
Package: graphicx 2014/10/28 v1.0g Enhanced LaTeX Graphics (DPC,SPQR)

("C:\Program Files\MiKTeX 2.9\tex\latex\graphics\graphics.sty"
Package: graphics 2014/10/28 v1.0p Standard LaTeX Graphics (DPC,SPQR)

("C:\Program Files\MiKTeX 2.9\tex\latex\graphics\trig.sty"
Package: trig 1999/03/16 v1.09 sin cos tan (DPC)
)
("C:\Program Files\MiKTeX 2.9\tex\latex\00miktex\graphics.cfg"
File: graphics.cfg 2007/01/18 v1.5 graphics configuration of teTeX/TeXLive
)
Package graphics Info: Driver file: pdftex.def on input line 94.

("C:\Program Files\MiKTeX 2.9\tex\latex\pdftex-def\pdftex.def"
File: pdftex.def 2011/05/27 v0.06d Graphics/color for pdfTeX

("C:\Program Files\MiKTeX 2.9\tex\generic\oberdiek\infwarerr.sty"
Package: infwarerr 2010/04/08 v1.3 Providing info/warning/error messages (HO)
)
("C:\Program Files\MiKTeX 2.9\tex\generic\oberdiek\ltxcmds.sty"
Package: ltxcmds 2011/11/09 v1.22 LaTeX kernel commands for general use (HO)
)
\Gread@gobject=\count103
))
\Gin@req@height=\dimen124
\Gin@req@width=\dimen125
)
("C:\Program Files\MiKTeX 2.9\tex\latex\oberdiek\epstopdf.sty"
Package: epstopdf 2010/02/09 v2.5 Conversion with epstopdf on the fly (HO)

("C:\Program Files\MiKTeX 2.9\tex\latex\oberdiek\epstopdf-base.sty"
Package: epstopdf-base 2010/02/09 v2.5 Base part for package epstopdf

("C:\Program Files\MiKTeX 2.9\tex\latex\oberdiek\grfext.sty"
Package: grfext 2010/08/19 v1.1 Manage graphics extensions (HO)

("C:\Program Files\MiKTeX 2.9\tex\generic\oberdiek\kvdefinekeys.sty"
Package: kvdefinekeys 2011/04/07 v1.3 Define keys (HO)
))
("C:\Program Files\MiKTeX 2.9\tex\latex\oberdiek\kvoptions.sty"
Package: kvoptions 2011/06/30 v3.11 Key value format for package options (HO)

("C:\Program Files\MiKTeX 2.9\tex\generic\oberdiek\kvsetkeys.sty"
Package: kvsetkeys 2012/04/25 v1.16 Key value parser (HO)

("C:\Program Files\MiKTeX 2.9\tex\generic\oberdiek\etexcmds.sty"
Package: etexcmds 2011/02/16 v1.5 Avoid name clashes with e-TeX commands (HO)

("C:\Program Files\MiKTeX 2.9\tex\generic\oberdiek\ifluatex.sty"
Package: ifluatex 2010/03/01 v1.3 Provides the ifluatex switch (HO)
Package ifluatex Info: LuaTeX not detected.
)
Package etexcmds Info: Could not find \expanded.
(etexcmds)             That can mean that you are not using pdfTeX 1.50 or
(etexcmds)             that some package has redefined \expanded.
(etexcmds)             In the latter case, load this package earlier.
)))
("C:\Program Files\MiKTeX 2.9\tex\generic\oberdiek\pdftexcmds.sty"
Package: pdftexcmds 2011/11/29 v0.20 Utility functions of pdfTeX for LuaTeX (HO
)

("C:\Program Files\MiKTeX 2.9\tex\generic\oberdiek\ifpdf.sty"
Package: ifpdf 2011/01/30 v2.3 Provides the ifpdf switch (HO)
Package ifpdf Info: pdfTeX in PDF mode is detected.
)
Package pdftexcmds Info: LuaTeX not detected.
Package pdftexcmds Info: \pdf@primitive is available.
Package pdftexcmds Info: \pdf@ifprimitive is available.
Package pdftexcmds Info: \pdfdraftmode found.
)
Package grfext Info: Graphics extension search list:
(grfext)             [.png,.pdf,.jpg,.mps,.jpeg,.jbig2,.jb2,.PNG,.PDF,.JPG,.JPE
G,.JBIG2,.JB2,.eps]
(grfext)             \AppendGraphicsExtensions on input line 452.
))
(C:\Users\USER\AppData\Roaming\MiKTeX\2.9\tex\latex\subfigure\subfigure.sty
Package: subfigure 2002/07/30 v2.1.4 subfigure package
\subfigtopskip=\skip58
\subfigcapskip=\skip59
\subfigcaptopadj=\dimen126
\subfigbottomskip=\skip60
\subfigcapmargin=\dimen127
\subfiglabelskip=\skip61
\c@subfigure=\count104
\c@lofdepth=\count105
\c@subtable=\count106
\c@lotdepth=\count107

****************************************
* Local config file subfigure.cfg used *
****************************************
(C:\Users\USER\AppData\Roaming\MiKTeX\2.9\tex\latex\subfigure\subfigure.cfg)
\subfig@top=\skip62
\subfig@bottom=\skip63
)
(C:\Users\USER\AppData\Roaming\MiKTeX\2.9\tex\latex\booktabs\booktabs.sty
Package: booktabs 2005/04/14 v1.61803 publication quality tables
\heavyrulewidth=\dimen128
\lightrulewidth=\dimen129
\cmidrulewidth=\dimen130
\belowrulesep=\dimen131
\belowbottomsep=\dimen132
\aboverulesep=\dimen133
\abovetopsep=\dimen134
\cmidrulesep=\dimen135
\cmidrulekern=\dimen136
\defaultaddspace=\dimen137
\@cmidla=\count108
\@cmidlb=\count109
\@aboverulesep=\dimen138
\@belowrulesep=\dimen139
\@thisruleclass=\count110
\@lastruleclass=\count111
\@thisrulewidth=\dimen140
)
(C:\Users\USER\AppData\Roaming\MiKTeX\2.9\tex\latex\rotating\rotating.sty
Package: rotating 2009/03/28 v2.16a rotated objects in LaTeX

("C:\Program Files\MiKTeX 2.9\tex\latex\base\ifthen.sty"
Package: ifthen 2014/09/29 v1.1c Standard LaTeX ifthen package (DPC)
)
\c@r@tfl@t=\count112
\rotFPtop=\skip64
\rotFPbot=\skip65
\rot@float@box=\box28
\rot@mess@toks=\toks27
)
(C:\Users\USER\AppData\Roaming\MiKTeX\2.9\tex\latex\listings\listings.sty
\lst@mode=\count113
\lst@gtempboxa=\box29
\lst@token=\toks28
\lst@length=\count114
\lst@currlwidth=\dimen141
\lst@column=\count115
\lst@pos=\count116
\lst@lostspace=\dimen142
\lst@width=\dimen143
\lst@newlines=\count117
\lst@lineno=\count118
\lst@maxwidth=\dimen144

(lstpatch.sty)
(C:\Users\USER\AppData\Roaming\MiKTeX\2.9\tex\latex\listings\lstmisc.sty
File: lstmisc.sty 2015/06/04 1.6 (Carsten Heinz)
\c@lstnumber=\count119
\lst@skipnumbers=\count120
\lst@framebox=\box30
)
(C:\Users\USER\AppData\Roaming\MiKTeX\2.9\tex\latex\listings\listings.cfg
File: listings.cfg 2015/06/04 1.6 listings configuration
))
Package: listings 2015/06/04 1.6 (Carsten Heinz)

(lstpatch.sty) ("C:\Program Files\MiKTeX 2.9\tex\latex\hyperref\hyperref.sty"
Package: hyperref 2012/11/06 v6.83m Hypertext links for LaTeX

("C:\Program Files\MiKTeX 2.9\tex\generic\oberdiek\hobsub-hyperref.sty"
Package: hobsub-hyperref 2012/04/25 v1.12 Bundle oberdiek, subset hyperref (HO)


("C:\Program Files\MiKTeX 2.9\tex\generic\oberdiek\hobsub-generic.sty"
Package: hobsub-generic 2012/04/25 v1.12 Bundle oberdiek, subset generic (HO)
Package: hobsub 2012/04/25 v1.12 Construct package bundles (HO)
Package hobsub Info: Skipping package `infwarerr' (already loaded).
Package hobsub Info: Skipping package `ltxcmds' (already loaded).
Package hobsub Info: Skipping package `ifluatex' (already loaded).
Package: ifvtex 2010/03/01 v1.5 Detect VTeX and its facilities (HO)
Package ifvtex Info: VTeX not detected.
Package: intcalc 2007/09/27 v1.1 Expandable calculations with integers (HO)
Package hobsub Info: Skipping package `ifpdf' (already loaded).
Package hobsub Info: Skipping package `etexcmds' (already loaded).
Package hobsub Info: Skipping package `kvsetkeys' (already loaded).
Package hobsub Info: Skipping package `kvdefinekeys' (already loaded).
Package hobsub Info: Skipping package `pdftexcmds' (already loaded).
Package: pdfescape 2011/11/25 v1.13 Implements pdfTeX's escape features (HO)
Package: bigintcalc 2012/04/08 v1.3 Expandable calculations on big integers (HO
)
Package: bitset 2011/01/30 v1.1 Handle bit-vector datatype (HO)
Package: uniquecounter 2011/01/30 v1.2 Provide unlimited unique counter (HO)
)
Package hobsub Info: Skipping package `hobsub' (already loaded).
Package: letltxmacro 2010/09/02 v1.4 Let assignment for LaTeX macros (HO)
Package: hopatch 2011/06/24 v1.1 Wrapper for package hooks (HO)
Package: xcolor-patch 2011/01/30 xcolor patch
Package: atveryend 2011/06/30 v1.8 Hooks at the very end of document (HO)
Package atveryend Info: \enddocument detected (standard20110627).
Package: atbegshi 2011/10/05 v1.16 At begin shipout hook (HO)
Package: refcount 2011/10/16 v3.4 Data extraction from label references (HO)
Package: hycolor 2011/01/30 v1.7 Color options for hyperref/bookmark (HO)
)
("C:\Program Files\MiKTeX 2.9\tex\generic\ifxetex\ifxetex.sty"
Package: ifxetex 2010/09/12 v0.6 Provides ifxetex conditional
)
("C:\Program Files\MiKTeX 2.9\tex\latex\oberdiek\auxhook.sty"
Package: auxhook 2011/03/04 v1.3 Hooks for auxiliary files (HO)
)
\@linkdim=\dimen145
\Hy@linkcounter=\count121
\Hy@pagecounter=\count122

("C:\Program Files\MiKTeX 2.9\tex\latex\hyperref\pd1enc.def"
File: pd1enc.def 2012/11/06 v6.83m Hyperref: PDFDocEncoding definition (HO)
)
\Hy@SavedSpaceFactor=\count123

("C:\Program Files\MiKTeX 2.9\tex\latex\00miktex\hyperref.cfg"
File: hyperref.cfg 2002/06/06 v1.2 hyperref configuration of TeXLive
)
Package hyperref Info: Option `bookmarks' set `true' on input line 4319.
Package hyperref Info: Option `bookmarksopen' set `true' on input line 4319.
Package hyperref Info: Option `bookmarksnumbered' set `true' on input line 4319
.
Package hyperref Info: Option `hypertexnames' set `false' on input line 4319.
Package hyperref Info: Option `colorlinks' set `true' on input line 4319.
Package hyperref Info: Option `unicode' set `true' on input line 4319.

("C:\Program Files\MiKTeX 2.9\tex\latex\hyperref\puenc.def"
File: puenc.def 2012/11/06 v6.83m Hyperref: PDF Unicode definition (HO)
)
Package hyperref Info: Option `breaklinks' set `true' on input line 4319.
Package hyperref Info: Hyper figures OFF on input line 4443.
Package hyperref Info: Link nesting OFF on input line 4448.
Package hyperref Info: Hyper index ON on input line 4451.
Package hyperref Info: Plain pages OFF on input line 4458.
Package hyperref Info: Backreferencing OFF on input line 4463.
Package hyperref Info: Implicit mode ON; LaTeX internals redefined.
Package hyperref Info: Bookmarks ON on input line 4688.
\c@Hy@tempcnt=\count124

(C:\Users\USER\AppData\Roaming\MiKTeX\2.9\tex\latex\url\url.sty
\Urlmuskip=\muskip11
Package: url 2013/09/16  ver 3.4  Verb mode for urls, etc.
)
LaTeX Info: Redefining \url on input line 5041.
\XeTeXLinkMargin=\dimen146
\Fld@menulength=\count125
\Field@Width=\dimen147
\Fld@charsize=\dimen148
Package hyperref Info: Hyper figures OFF on input line 6295.
Package hyperref Info: Link nesting OFF on input line 6300.
Package hyperref Info: Hyper index ON on input line 6303.
Package hyperref Info: backreferencing OFF on input line 6310.
Package hyperref Info: Link coloring ON on input line 6313.
Package hyperref Info: Link coloring with OCG OFF on input line 6320.
Package hyperref Info: PDF/A mode OFF on input line 6325.
LaTeX Info: Redefining \ref on input line 6365.
LaTeX Info: Redefining \pageref on input line 6369.
\Hy@abspage=\count126
\c@Item=\count127
\c@Hfootnote=\count128
)

Package hyperref Message: Driver (autodetected): hpdftex.

("C:\Program Files\MiKTeX 2.9\tex\latex\hyperref\hpdftex.def"
File: hpdftex.def 2012/11/06 v6.83m Hyperref driver for pdfTeX
\Fld@listcount=\count129
\c@bookmark@seq@number=\count130

("C:\Program Files\MiKTeX 2.9\tex\latex\oberdiek\rerunfilecheck.sty"
Package: rerunfilecheck 2011/04/15 v1.7 Rerun checks for auxiliary files (HO)
Package uniquecounter Info: New unique counter `rerunfilecheck' on input line 2
82.
)
\Hy@SectionHShift=\skip66
)
\c@dummy=\count131

("C:\Program Files\MiKTeX 2.9\tex\latex\tools\longtable.sty"
Package: longtable 2014/10/28 v4.11 Multi-page Table package (DPC)
\LTleft=\skip67
\LTright=\skip68
\LTpre=\skip69
\LTpost=\skip70
\LTchunksize=\count132
\LTcapwidth=\dimen149
\LT@head=\box31
\LT@firsthead=\box32
\LT@foot=\box33
\LT@lastfoot=\box34
\LT@cols=\count133
\LT@rows=\count134
\c@LT@tables=\count135
\c@LT@chunks=\count136
\LT@p@ftn=\toks29
))
(C:\Users\USER\AppData\Roaming\MiKTeX\2.9\tex\latex\natbib\natbib.sty
Package: natbib 2010/09/13 8.31b (PWD, AO)
\bibhang=\skip71
\bibsep=\skip72
LaTeX Info: Redefining \cite on input line 694.
\c@NAT@ctr=\count137
)
("C:\Program Files\MiKTeX 2.9\tex\latex\tools\verbatim.sty"
Package: verbatim 2014/10/28 v1.5q LaTeX2e package for verbatim enhancements
\every@verbatim=\toks30
\verbatim@line=\toks31
\verbatim@in@stream=\read1
) (vector.sty)
("C:\Program Files\MiKTeX 2.9\tex\latex\float\float.sty"
Package: float 2001/11/08 v1.3d Float enhancements (AL)
\c@float@type=\count138
\float@exts=\toks32
\float@box=\box35
\@float@everytoks=\toks33
\@floatcapt=\box36
)
("C:\Program Files\MiKTeX 2.9\tex\latex\psnfss\pifont.sty"
Package: pifont 2005/04/12 PSNFSS-v9.2a Pi font support (SPQR) 
LaTeX Font Info:    Try loading font information for U+pzd on input line 63.

("C:\Program Files\MiKTeX 2.9\tex\latex\psnfss\upzd.fd"
File: upzd.fd 2001/06/04 font definitions for U/pzd.
)
LaTeX Font Info:    Try loading font information for U+psy on input line 64.

("C:\Program Files\MiKTeX 2.9\tex\latex\psnfss\upsy.fd"
File: upsy.fd 2001/06/04 font definitions for U/psy.
))
Package caption Info: We need package `newfloat' on input line 25.

(C:\Users\USER\AppData\Roaming\MiKTeX\2.9\tex\latex\caption\newfloat.sty
Package: newfloat 2015/09/17 v1.1-109 Defining new floating environments (AR)
)
Package hyperref Info: Option `colorlinks' set `true' on input line 27.

(Thesis.aux)
\openout1 = `Thesis.aux'.

LaTeX Font Info:    Checking defaults for OML/cmm/m/it on input line 32.
LaTeX Font Info:    ... okay on input line 32.
LaTeX Font Info:    Checking defaults for T1/cmr/m/n on input line 32.
LaTeX Font Info:    ... okay on input line 32.
LaTeX Font Info:    Checking defaults for OT1/cmr/m/n on input line 32.
LaTeX Font Info:    ... okay on input line 32.
LaTeX Font Info:    Checking defaults for OMS/cmsy/m/n on input line 32.
LaTeX Font Info:    ... okay on input line 32.
LaTeX Font Info:    Checking defaults for OMX/cmex/m/n on input line 32.
LaTeX Font Info:    ... okay on input line 32.
LaTeX Font Info:    Checking defaults for U/cmr/m/n on input line 32.
LaTeX Font Info:    ... okay on input line 32.
LaTeX Font Info:    Checking defaults for PD1/pdf/m/n on input line 32.
LaTeX Font Info:    ... okay on input line 32.
LaTeX Font Info:    Checking defaults for PU/pdf/m/n on input line 32.
LaTeX Font Info:    ... okay on input line 32.
Package caption Info: Begin \AtBeginDocument code.
Package caption Info: float package is loaded.
Package caption Info: hyperref package is loaded.
Package caption Info: listings package is loaded.
Package caption Info: longtable package is loaded.

(C:\Users\USER\AppData\Roaming\MiKTeX\2.9\tex\latex\caption\ltcaption.sty
Package: ltcaption 2013/06/09 v1.4-94 longtable captions (AR)
)
Package caption Info: rotating package is loaded.
Package caption Info: subfigure package is loaded.
Package caption Info: End \AtBeginDocument code.

(C:\Users\USER\AppData\Roaming\MiKTeX\2.9\tex\context\base\supp-pdf.mkii
[Loading MPS to PDF converter (version 2006.09.02).]
\scratchcounter=\count139
\scratchdimen=\dimen150
\scratchbox=\box37
\nofMPsegments=\count140
\nofMParguments=\count141
\everyMPshowfont=\toks34
\MPscratchCnt=\count142
\MPscratchDim=\dimen151
\MPnumerator=\count143
\makeMPintoPDFobject=\count144
\everyMPtoPDFconversion=\toks35
)
\c@lstlisting=\count145
\AtBeginShipoutBox=\box38
 ("C:\Program Files\MiKTeX 2.9\tex\latex\graphics\color.sty"
Package: color 2014/10/28 v1.1a Standard LaTeX Color (DPC)

("C:\Program Files\MiKTeX 2.9\tex\latex\00miktex\color.cfg"
File: color.cfg 2007/01/18 v1.5 color configuration of teTeX/TeXLive
)
Package color Info: Driver file: pdftex.def on input line 142.
)
Package hyperref Info: Link coloring ON on input line 32.

("C:\Program Files\MiKTeX 2.9\tex\latex\hyperref\nameref.sty"
Package: nameref 2012/10/27 v2.43 Cross-referencing by name of section

("C:\Program Files\MiKTeX 2.9\tex\generic\oberdiek\gettitlestring.sty"
Package: gettitlestring 2010/12/03 v1.4 Cleanup title references (HO)
)
\c@section@level=\count146
)
LaTeX Info: Redefining \ref on input line 32.
LaTeX Info: Redefining \pageref on input line 32.
LaTeX Info: Redefining \nameref on input line 32.

(Thesis.out) (Thesis.out)
\@outlinefile=\write3
\openout3 = `Thesis.out'.


------------------------------------------------------------------------------
 Title Page
------------------------------------------------------------------------------

Package hyperref Warning: Token not allowed in a PDF string (Unicode):
(hyperref)                removing `math shift' on input line 54.


Package hyperref Warning: Token not allowed in a PDF string (Unicode):
(hyperref)                removing `\omega' on input line 54.


Package hyperref Warning: Token not allowed in a PDF string (Unicode):
(hyperref)                removing `math shift' on input line 54.

<images/Escudo-UdeA.png, id=155, 245.91875pt x 349.305pt>
File: images/Escudo-UdeA.png Graphic file (type png)

<use images/Escudo-UdeA.png>
Package pdftex.def Info: images/Escudo-UdeA.png used on input line 54.
(pdftex.def)             Requested size: 98.36575pt x 139.71951pt.
LaTeX Font Info:    Try loading font information for U+msa on input line 54.

("C:\Program Files\MiKTeX 2.9\tex\latex\amsfonts\umsa.fd"
File: umsa.fd 2013/01/14 v3.01 AMS symbols A
)
LaTeX Font Info:    Try loading font information for U+msb on input line 54.

("C:\Program Files\MiKTeX 2.9\tex\latex\amsfonts\umsb.fd"
File: umsb.fd 2013/01/14 v3.01 AMS symbols B
) [1



{C:/Users/USER/AppData/Local/MiKTeX/2.9/pdftex/config/pdftex.map} <./images/Esc
udo-UdeA.png>]
[1

]
------------------------------------------------------------------------------
 Abstract Page
------------------------------------------------------------------------------
[2

]
------------------------------------------------------------------------------
 Acknowledgements
------------------------------------------------------------------------------
[3

]
------------------------------------------------------------------------------
 Table of Contents
------------------------------------------------------------------------------
(Thesis.toc [4


])
\tf@toc=\write4
\openout4 = `Thesis.toc'.

 [5]
------------------------------------------------------------------------------
 List of Figures
------------------------------------------------------------------------------
(Thesis.lof [6


])
\tf@lof=\write5
\openout5 = `Thesis.lof'.

 [7]
------------------------------------------------------------------------------
 List of Tables
------------------------------------------------------------------------------
(Thesis.lot)
\tf@lot=\write6
\openout6 = `Thesis.lot'.

 [8


]
------------------------------------------------------------------------------
 Dedicatory
------------------------------------------------------------------------------
[9

] (Chapters/Chapter1.tex
Chapter 1.
------------------------------------------------------------------------------
 1 Introduction
------------------------------------------------------------------------------
[1



] [2] [3]) (Chapters/Chapter2.tex
Chapter 2.
------------------------------------------------------------------------------
 2 Theoretical Framework
------------------------------------------------------------------------------
Missing character: There is no Ã in font cmr10!
Missing character: There is no © in font cmr10!
[4

] <images/m15.jpg, id=417, 903.375pt x 752.8125pt>
File: images/m15.jpg Graphic file (type jpg)
 <use images/m15.jpg>
Package pdftex.def Info: images/m15.jpg used on input line 15.
(pdftex.def)             Requested size: 341.43306pt x 284.53246pt.


LaTeX Font Warning: Font shape `OT1/cmr/bx/sc' undefined
(Font)              using `OT1/cmr/bx/n' instead on input line 16.

[5 <./images/m15.jpg>] <images/3_gcs.png, id=426, 961.34157pt x 316.18124pt>
File: images/3_gcs.png Graphic file (type png)

<use images/3_gcs.png>
Package pdftex.def Info: images/3_gcs.png used on input line 37.
(pdftex.def)             Requested size: 412.56496pt x 135.68993pt.
 [6 <./images/3_gcs.png>] [7] [8]
<images/core_collapse.png, id=444, 496.85625pt x 459.96844pt>
File: images/core_collapse.png Graphic file (type png)

<use images/core_collapse.png>
Package pdftex.def Info: images/core_collapse.png used on input line 71.
(pdftex.def)             Requested size: 341.43306pt x 316.08716pt.
 [9]
<images/anisotropy_core_collapse.png, id=450, 632.3625pt x 365.86688pt>
File: images/anisotropy_core_collapse.png Graphic file (type png)

<use images/anisotropy_core_collapse.png>
Package pdftex.def Info: images/anisotropy_core_collapse.png used on input line
 83.
(pdftex.def)             Requested size: 341.43306pt x 197.54842pt.
 [10 <./images/core_collapse.png>]
[11 <./images/anisotropy_core_collapse.png>]
<images/fornax-2-400.jpg, id=462, 401.5pt x 392.46625pt>
File: images/fornax-2-400.jpg Graphic file (type jpg)

<use images/fornax-2-400.jpg>
Package pdftex.def Info: images/fornax-2-400.jpg used on input line 109.
(pdftex.def)             Requested size: 187.8616pt x 183.63872pt.

<images/fornax-3-400.jpg, id=463, 401.5pt x 392.46625pt>
File: images/fornax-3-400.jpg Graphic file (type jpg)

<use images/fornax-3-400.jpg>
Package pdftex.def Info: images/fornax-3-400.jpg used on input line 114.
(pdftex.def)             Requested size: 187.8616pt x 183.63872pt.
 [12] [13 <./images/fornax-2-400.jpg> <./images/fornax-3-400.jpg>] <images/m55_
diagram.jpg, id=475, 410.18108pt x 410.18108pt>
File: images/m55_diagram.jpg Graphic file (type jpg)

<use images/m55_diagram.jpg>
Package pdftex.def Info: images/m55_diagram.jpg used on input line 140.
(pdftex.def)             Requested size: 183.68916pt x 183.69101pt.

<images/color-magnitude.png, id=476, 301.125pt x 280.04625pt>
File: images/color-magnitude.png Graphic file (type png)

<use images/color-magnitude.png>
Package pdftex.def Info: images/color-magnitude.png used on input line 145.
(pdftex.def)             Requested size: 225.43265pt x 209.66238pt.
 [14]
Missing character: There is no â in font cmr10!
Missing character: There is no € in font cmr10!
Missing character: There is no “ in font cmr10!
 [15 <./images/m55_diagram.jpg> <./images/color-magnitude.png>] <images/orbits_
gcs.jpg, id=488, 488.0634pt x 515.0442pt>
File: images/orbits_gcs.jpg Graphic file (type jpg)

<use images/orbits_gcs.jpg>
Package pdftex.def Info: images/orbits_gcs.jpg used on input line 162.
(pdftex.def)             Requested size: 284.52756pt x 300.27406pt.
 [16 <./images/orbits_gcs.jpg>]

Package hyperref Warning: Token not allowed in a PDF string (Unicode):
(hyperref)                removing `math shift' on input line 184.


Package hyperref Warning: Token not allowed in a PDF string (Unicode):
(hyperref)                removing `\omega' on input line 184.


Package hyperref Warning: Token not allowed in a PDF string (Unicode):
(hyperref)                removing `math shift' on input line 184.

[17] [18] [19] [20] [21] [22] [23] [24] [25] [26] [27] [28])
(Chapters/Chapter3.tex [29]
Chapter 3.
------------------------------------------------------------------------------
 3 Observations and Analysis
------------------------------------------------------------------------------
<images/opd.jpg, id=604, 66.9702pt x 55.04565pt>
File: images/opd.jpg Graphic file (type jpg)
 <use images/opd.jpg>
Package pdftex.def Info: images/opd.jpg used on input line 15.
(pdftex.def)             Requested size: 284.52756pt x 233.86946pt.
 [30

]
<images/opd-spectrograph.jpg, id=609, 602.25pt x 401.5pt>
File: images/opd-spectrograph.jpg Graphic file (type jpg)

<use images/opd-spectrograph.jpg>
Package pdftex.def Info: images/opd-spectrograph.jpg used on input line 25.
(pdftex.def)             Requested size: 284.52756pt x 189.69136pt.
 [31 <./images/opd.jpg> <./images/opd-spectrograph.jpg>] [32]
Missing character: There is no Â in font cmr10!
Missing character: There is no ° in font cmr10!
Missing character: There is no Â in font cmr10!
Missing character: There is no ° in font cmr10!
Missing character: There is no Â in font cmr10!
Missing character: There is no ° in font cmr10!
 [33] <images/opd-photometry.jpg, id=625, 770.88pt x 578.16pt>
File: images/opd-photometry.jpg Graphic file (type jpg)

<use images/opd-photometry.jpg>
Package pdftex.def Info: images/opd-photometry.jpg used on input line 81.
(pdftex.def)             Requested size: 227.62204pt x 170.71451pt.
 [34 <./images/opd-photometry.jpg>] [35]
<images/ngc_5139_dirty.png, id=634, 487.06969pt x 483.30562pt>
File: images/ngc_5139_dirty.png Graphic file (type png)

<use images/ngc_5139_dirty.png>
Package pdftex.def Info: images/ngc_5139_dirty.png used on input line 116.
(pdftex.def)             Requested size: 196.21284pt x 194.69788pt.

<images/ruido.png, id=635, 484.05844pt x 483.30562pt>
File: images/ruido.png Graphic file (type png)
 <use images/ruido.png>
Package pdftex.def Info: images/ruido.png used on input line 121.
(pdftex.def)             Requested size: 196.21284pt x 195.90732pt.

[36] <images/flat_I.png, id=640, 356.83313pt x 317.68687pt>
File: images/flat_I.png Graphic file (type png)

<use images/flat_I.png>
Package pdftex.def Info: images/flat_I.png used on input line 141.
(pdftex.def)             Requested size: 227.62204pt x 202.64993pt.
 [37 <./images/ngc_5139_dirty.png> <./images/ruido.png>] <images/NGC5139_red.pn
g, id=645, 294.34969pt x 297.36093pt>
File: images/NGC5139_red.png Graphic file (type png)

<use images/NGC5139_red.png>
Package pdftex.def Info: images/NGC5139_red.png used on input line 155.
(pdftex.def)             Requested size: 227.62204pt x 229.95322pt.
 [38 <./images/flat_I.png>]
<images/aperture_size.png, id=650, 475.7775pt x 631.60968pt>
File: images/aperture_size.png Graphic file (type png)

<use images/aperture_size.png>
Package pdftex.def Info: images/aperture_size.png used on input line 167.
(pdftex.def)             Requested size: 284.52756pt x 377.73512pt.
 [39 <./images/NGC5139_red.png>] [40 <./images/aperture_size.png>] [41] <images
/psf.png, id=665, 942.52126pt x 554.07pt>
File: images/psf.png Graphic file (type png)

<use images/psf.png>
Package pdftex.def Info: images/psf.png used on input line 193.
(pdftex.def)             Requested size: 341.43306pt x 200.7163pt.
 <images/psf2.png, id=666, 223.58531pt x 224.33812pt>
File: images/psf2.png Graphic file (type png)

<use images/psf2.png>
Package pdftex.def Info: images/psf2.png used on input line 201.
(pdftex.def)             Requested size: 142.26378pt x 142.74408pt.
 <images/psf3.png, id=667, 191.21437pt x 213.79875pt>
File: images/psf3.png Graphic file (type png)

<use images/psf3.png>
Package pdftex.def Info: images/psf3.png used on input line 209.
(pdftex.def)             Requested size: 142.26378pt x 159.07309pt.
 [42 <./images/psf.png> <./images/psf2.png>]
<images/HR-diagram.png, id=673, 481.8pt x 368.87813pt>
File: images/HR-diagram.png Graphic file (type png)

<use images/HR-diagram.png>
Package pdftex.def Info: images/HR-diagram.png used on input line 221.
(pdftex.def)             Requested size: 341.43306pt x 261.4156pt.
 [43 <./images/psf3.png>] [44 <./images/HR-diagram.png>] <images/cluster_dirty.
png, id=683, 207.02344pt x 320.69812pt>
File: images/cluster_dirty.png Graphic file (type png)

<use images/cluster_dirty.png>
Package pdftex.def Info: images/cluster_dirty.png used on input line 259.
(pdftex.def)             Requested size: 204.56409pt x 316.89511pt.

<images/cluster_clean.png, id=684, 206.27063pt x 320.69812pt>
File: images/cluster_clean.png Graphic file (type png)

<use images/cluster_clean.png>
Package pdftex.def Info: images/cluster_clean.png used on input line 264.
(pdftex.def)             Requested size: 204.56409pt x 318.04996pt.
 [45] [46 <./images/cluster_dirty.png> <./images/cluster_clean.png>]
<images/calib_star_apall.png, id=694, 459.21562pt x 350.05782pt>
File: images/calib_star_apall.png Graphic file (type png)

<use images/calib_star_apall.png>
Package pdftex.def Info: images/calib_star_apall.png used on input line 292.
(pdftex.def)             Requested size: 256.0748pt x 195.21379pt.
 [47 <./images/calib_star_apall.png>]
<images/lamp_day1_2.png, id=700, 463.7325pt x 350.05782pt>
File: images/lamp_day1_2.png Graphic file (type png)

<use images/lamp_day1_2.png>
Package pdftex.def Info: images/lamp_day1_2.png used on input line 303.
(pdftex.def)             Requested size: 187.8616pt x 141.81001pt.

<images/lamp1.png, id=701, 776.9025pt x 577.40718pt>
File: images/lamp1.png Graphic file (type png)
 <use images/lamp1.png>
Package pdftex.def Info: images/lamp1.png used on input line 308.
(pdftex.def)             Requested size: 187.8616pt x 139.6202pt.

<images/calib_star_wave.png, id=702, 465.99094pt x 353.06906pt>
File: images/calib_star_wave.png Graphic file (type png)

<use images/calib_star_wave.png>
Package pdftex.def Info: images/calib_star_wave.png used on input line 321.
(pdftex.def)             Requested size: 227.62204pt x 172.46121pt.
 [48 <./images/lamp_day1_2.png> <./images/lamp1.png>] [49 <./images/calib_star_
wave.png>]
<images/Espectros.png, id=714, 499.11469pt x 361.35pt>
File: images/Espectros.png Graphic file (type png)

<use images/Espectros.png>
Package pdftex.def Info: images/Espectros.png used on input line 338.
(pdftex.def)             Requested size: 204.56409pt x 148.09932pt.
 <images/Espectros2.png, id=715, 481.8pt x 361.35pt>
File: images/Espectros2.png Graphic file (type png)

<use images/Espectros2.png>
Package pdftex.def Info: images/Espectros2.png used on input line 343.
(pdftex.def)             Requested size: 204.56409pt x 153.42009pt.
 [50 <./images/Espectros.png> <./images/Espectros2.png>] [51] <images/calib_sta
r_flux.png, id=727, 462.97969pt x 356.0803pt>
File: images/calib_star_flux.png Graphic file (type png)

<use images/calib_star_flux.png>
Package pdftex.def Info: images/calib_star_flux.png used on input line 394.
(pdftex.def)             Requested size: 227.62204pt x 175.06767pt.
 [52 <./images/calib_star_flux.png>]
<images/cluster_star_flux.png, id=733, 444.91219pt x 346.29375pt>
File: images/cluster_star_flux.png Graphic file (type png)

<use images/cluster_star_flux.png>
Package pdftex.def Info: images/cluster_star_flux.png used on input line 412.
(pdftex.def)             Requested size: 227.62204pt x 177.16757pt.
 [53 <./images/cluster_star_flux.png>]
<images/xcsao.png, id=739, 709.14937pt x 258.21469pt>
File: images/xcsao.png Graphic file (type png)
 <use images/xcsao.png>
Package pdftex.def Info: images/xcsao.png used on input line 434.
(pdftex.def)             Requested size: 284.52756pt x 103.60318pt.

[54 <./images/xcsao.png>]
<images/template.png, id=745, 426.09187pt x 349.305pt>
File: images/template.png Graphic file (type png)

<use images/template.png>
Package pdftex.def Info: images/template.png used on input line 463.
(pdftex.def)             Requested size: 204.56409pt x 167.7018pt.
 <images/bcvcor.png, id=746, 469.00218pt x 421.575pt>
File: images/bcvcor.png Graphic file (type png)

<use images/bcvcor.png>
Package pdftex.def Info: images/bcvcor.png used on input line 472.
(pdftex.def)             Requested size: 284.52756pt x 255.7516pt.
 [55 <./images/template.png>]
<images/emsao.png, id=754, 1014.03844pt x 534.49687pt>
File: images/emsao.png Graphic file (type png)
 <use images/emsao.png>
Package pdftex.def Info: images/emsao.png used on input line 481.
(pdftex.def)             Requested size: 369.88582pt x 194.96332pt.

[56 <./images/bcvcor.png>]
<images/fxcor.png, id=761, 476.53032pt x 360.59718pt>
File: images/fxcor.png Graphic file (type png)
 <use images/fxcor.png>
Package pdftex.def Info: images/fxcor.png used on input line 493.
(pdftex.def)             Requested size: 284.52756pt x 215.31454pt.

[57 <./images/emsao.png>] [58 <./images/fxcor.png>]
Overfull \hbox (4.94066pt too wide) in paragraph at lines 530--541
 [] 
 []

) [59] (Chapters/Chapter4.tex [60]
Chapter 4.
------------------------------------------------------------------------------
 4 Modelling
------------------------------------------------------------------------------
[61

] [62]
! Missing } inserted.
<inserted text> 
                }
l.83 ...+a_{dm}\right)^{2}}}_{\mathbf{B}(r)}\right
                                                  \\      &\left +\underbrac...
I've inserted something that you may have forgotten.
(See the <inserted text> above.)
With luck, this will get me unwedged. But if you
really didn't forget anything, try typing `2' now; then
my insertion and my current dilemma will both disappear.

! Missing delimiter (. inserted).
<to be read again> 
                   \let 
l.83 ..._{dm}\right)^{2}}}_{\mathbf{B}(r)}\right\\
                                                        &\left +\underbrace{...
I was expecting to see something like `(' or `\{' or
`\}' here. If you typed, e.g., `{' instead of `\{', you
should probably delete the `{' by typing `1' now, so that
braces don't get unbalanced. Otherwise just proceed.
Acceptable delimiters are characters whose \delcode is
nonnegative, or you can use `\delimiter <delimiter code>'.

! Extra \right.
<to be read again> 
                   \let 
l.83 ..._{dm}\right)^{2}}}_{\mathbf{B}(r)}\right\\
                                                        &\left +\underbrace{...
I'm ignoring a \right that had no matching \left.

! Undefined control sequence.
\math@cr@@@ ...t@ {&\kern -\alignsep@ }\fi \next@ 
                                                  \cr 
l.83 ...{dm}\right)^{2}}}_{\mathbf{B}(r)}\right\\ 
                                                       &\left +\underbrace{\...
The control sequence at the end of the top line
of your error message was never \def'ed. If you have
misspelled it (e.g., `\hobx'), type `I' and the correct
spelling (e.g., `I\hbox'). Otherwise just continue,
and I'll forget about whatever was undefined.

! Missing { inserted.
<inserted text> 
                {
l.83 ...{dm}\right)^{2}}}_{\mathbf{B}(r)}\right\\ 
                                                       &\left +\underbrace{\...
I've put in what seems to be necessary to fix
the current column of the current alignment.
Try to go on, since this might almost work.

! Missing delimiter (. inserted).
<to be read again> 
                   +
l.83 ...2}}}_{\mathbf{B}(r)}\right\\      &\left +
                                                  \underbrace{\int_{r}^{\inf...
I was expecting to see something like `(' or `\{' or
`\}' here. If you typed, e.g., `{' instead of `\{', you
should probably delete the `{' by typing `1' now, so that
braces don't get unbalanced. Otherwise just proceed.
Acceptable delimiters are characters whose \delcode is
nonnegative, or you can use `\delimiter <delimiter code>'.

! Extra }, or forgotten \right.
<template> }
            $\hfil \endtemplate 
l.84 \end{aligned}
                  
I've deleted a group-closing symbol because it seems to be
spurious, as in `$x}$'. But perhaps the } is legitimate and
you forgot something else, as in `\hbox{$x}'. In such cases
the way to recover is to insert both the forgotten and the
deleted material, e.g., by typing `I$}'.

! Missing \right. inserted.
<inserted text> 
                \right .
l.84 \end{aligned}
                  
I've inserted something that you may have forgotten.
(See the <inserted text> above.)
With luck, this will get me unwedged. But if you
really didn't forget anything, try typing `2' now; then
my insertion and my current dilemma will both disappear.

! Missing } inserted.
<inserted text> 
                }
l.84 \end{aligned}
                  
I've inserted something that you may have forgotten.
(See the <inserted text> above.)
With luck, this will get me unwedged. But if you
really didn't forget anything, try typing `2' now; then
my insertion and my current dilemma will both disappear.

[63] <images/vel_vs_rad.png, id=816, 481.8pt x 361.35pt>
File: images/vel_vs_rad.png Graphic file (type png)

<use images/vel_vs_rad.png>
Package pdftex.def Info: images/vel_vs_rad.png used on input line 139.
(pdftex.def)             Requested size: 341.43306pt x 256.0806pt.

<images/vel_vs_rad_bins.png, id=817, 481.8pt x 361.35pt>
File: images/vel_vs_rad_bins.png Graphic file (type png)

<use images/vel_vs_rad_bins.png>
Package pdftex.def Info: images/vel_vs_rad_bins.png used on input line 147.
(pdftex.def)             Requested size: 341.43306pt x 256.0806pt.
 [64 <./images/vel_vs_rad.png>] [65 <./images/vel_vs_rad_bins.png>]
<images/all_params_refinado_12.png, id=833, 928.21782pt x 685.05937pt>
File: images/all_params_refinado_12.png Graphic file (type png)

<use images/all_params_refinado_12.png>
Package pdftex.def Info: images/all_params_refinado_12.png used on input line 1
89.
(pdftex.def)             Requested size: 426.79134pt x 314.99524pt.

Overfull \hbox (9.31827pt too wide) in paragraph at lines 189--190
 [][] 
 []

[66]
Overfull \hbox (11.30066pt too wide) in paragraph at lines 195--204
 [] 
 []

<images/all_params_refinado_10.png, id=839, 928.21782pt x 685.05937pt>
File: images/all_params_refinado_10.png Graphic file (type png)

<use images/all_params_refinado_10.png>
Package pdftex.def Info: images/all_params_refinado_10.png used on input line 2
15.
(pdftex.def)             Requested size: 426.79134pt x 314.99524pt.

Overfull \hbox (9.31827pt too wide) in paragraph at lines 215--216
 [][] 
 []

[67 <./images/all_params_refinado_12.png>]
<images/noyola.png, id=845, 454.69875pt x 427.5975pt>
File: images/noyola.png Graphic file (type png)
 <use images/noyola.png>
Package pdftex.def Info: images/noyola.png used on input line 241.
(pdftex.def)             Requested size: 284.52756pt x 267.574pt.
Missing character: There is no â in font cmr9!
Missing character: There is no € in font cmr9!
Missing character: There is no ™ in font cmr9!
Missing character: There is no â in font cmr9!
Missing character: There is no € in font cmr9!
Missing character: There is no ™ in font cmr9!

[68 <./images/all_params_refinado_10.png>]
<images/fix_gamma_refinado_12.png, id=851, 928.21782pt x 685.05937pt>
File: images/fix_gamma_refinado_12.png Graphic file (type png)

<use images/fix_gamma_refinado_12.png>
Package pdftex.def Info: images/fix_gamma_refinado_12.png used on input line 25
8.
(pdftex.def)             Requested size: 426.79134pt x 314.99524pt.

Overfull \hbox (9.31827pt too wide) in paragraph at lines 258--259
 [][] 
 []

[69 <./images/noyola.png>]
<images/fix_gamma_refinado_10.png, id=857, 928.21782pt x 678.28406pt>
File: images/fix_gamma_refinado_10.png Graphic file (type png)

<use images/fix_gamma_refinado_10.png>
Package pdftex.def Info: images/fix_gamma_refinado_10.png used on input line 28
4.
(pdftex.def)             Requested size: 426.79134pt x 311.8799pt.

Overfull \hbox (9.31827pt too wide) in paragraph at lines 284--285
 [][] 
 []

[70 <./images/fix_gamma_refinado_12.png>] [71 <./images/fix_gamma_refinado_10.p
ng>] <images/extinction.png, id=868, 835.62187pt x 499.8675pt>
File: images/extinction.png Graphic file (type png)

<use images/extinction.png>
Package pdftex.def Info: images/extinction.png used on input line 327.
(pdftex.def)             Requested size: 284.52756pt x 170.20439pt.
 [72]
<images/comparison.png, id=874, 481.8pt x 361.35pt>
File: images/comparison.png Graphic file (type png)

<use images/comparison.png>
Package pdftex.def Info: images/comparison.png used on input line 341.
(pdftex.def)             Requested size: 284.52756pt x 213.39867pt.
 [73 <./images/extinction.png> <./images/comparison.png>] [74] <images/Starligh
t_1.png, id=889, 892.83563pt x 399.74344pt>
File: images/Starlight_1.png Graphic file (type png)

<use images/Starlight_1.png>
Package pdftex.def Info: images/Starlight_1.png used on input line 401.
(pdftex.def)             Requested size: 426.79134pt x 191.08781pt.

Overfull \hbox (9.31827pt too wide) in paragraph at lines 401--402
 [][] 
 []

<images/Starlight_2.png, id=890, 889.82437pt x 381.67593pt>
File: images/Starlight_2.png Graphic file (type png)

<use images/Starlight_2.png>
Package pdftex.def Info: images/Starlight_2.png used on input line 421.
(pdftex.def)             Requested size: 426.79134pt x 183.06259pt.

Overfull \hbox (9.31827pt too wide) in paragraph at lines 421--422
 [][] 
 []

[75 <./images/Starlight_1.png>]
<images/Starlight_25_10.png, id=897, 977.15062pt x 368.1253pt>
File: images/Starlight_25_10.png Graphic file (type png)

<use images/Starlight_25_10.png>
Package pdftex.def Info: images/Starlight_25_10.png used on input line 442.
(pdftex.def)             Requested size: 426.79134pt x 160.78479pt.

Overfull \hbox (9.31827pt too wide) in paragraph at lines 442--443
 [][] 
 []

[76 <./images/Starlight_2.png> <./images/Starlight_25_10.png>]
<images/Starlight_25_12.png, id=904, 978.65625pt x 368.87813pt>
File: images/Starlight_25_12.png Graphic file (type png)

<use images/Starlight_25_12.png>
Package pdftex.def Info: images/Starlight_25_12.png used on input line 462.
(pdftex.def)             Requested size: 426.79134pt x 160.87157pt.

Overfull \hbox (9.31827pt too wide) in paragraph at lines 462--463
 [][] 
 []

) (Chapters/Chapter5.tex [77 <./images/Starlight_25_12.png>]
Chapter 5.
------------------------------------------------------------------------------
 5 Conclusions
------------------------------------------------------------------------------
) [78

] [79

]
No file Thesis.bbl.
Package atveryend Info: Empty hook `BeforeClearDocument' on input line 312.
[80]
Package atveryend Info: Empty hook `AfterLastShipout' on input line 312.
 (Thesis.aux)
Package atveryend Info: Executing hook `AtVeryEndDocument' on input line 312.
Package atveryend Info: Executing hook `AtEndAfterFileList' on input line 312.
Package rerunfilecheck Info: File `Thesis.out' has not changed.
(rerunfilecheck)             Checksum: F30F9531472EBA0F352CA6EC3EB06AF7;6319.


LaTeX Font Warning: Some font shapes were not available, defaults substituted.

Package atveryend Info: Empty hook `AtVeryVeryEnd' on input line 312.
 ) 
Here is how much of TeX's memory you used:
 13660 strings out of 493634
 195036 string characters out of 3143748
 272535 words of memory out of 3000000
 16485 multiletter control sequences out of 15000+200000
 24702 words of font info for 91 fonts, out of 3000000 for 9000
 1025 hyphenation exceptions out of 8191
 49i,17n,45p,13212b,485s stack positions out of 5000i,500n,10000p,200000b,50000s
<C:/Program Files/MiKTeX 2.9/fonts/type1/public/amsfonts/cm/cmbx10.pfb><C:/Pr
ogram Files/MiKTeX 2.9/fonts/type1/public/amsfonts/cm/cmbx12.pfb><C:/Program Fi
les/MiKTeX 2.9/fonts/type1/public/amsfonts/cm/cmbx8.pfb><C:/Program Files/MiKTe
X 2.9/fonts/type1/public/amsfonts/cm/cmbx9.pfb><C:/Program Files/MiKTeX 2.9/fon
ts/type1/public/amsfonts/cm/cmex10.pfb><C:/Program Files/MiKTeX 2.9/fonts/type1
/public/amsfonts/cmextra/cmex8.pfb><C:/Program Files/MiKTeX 2.9/fonts/type1/pub
lic/amsfonts/cm/cmmi10.pfb><C:/Program Files/MiKTeX 2.9/fonts/type1/public/amsf
onts/cm/cmmi12.pfb><C:/Program Files/MiKTeX 2.9/fonts/type1/public/amsfonts/cm/
cmmi6.pfb><C:/Program Files/MiKTeX 2.9/fonts/type1/public/amsfonts/cm/cmmi8.pfb
><C:/Program Files/MiKTeX 2.9/fonts/type1/public/amsfonts/cm/cmmi9.pfb><C:/Prog
ram Files/MiKTeX 2.9/fonts/type1/public/amsfonts/cm/cmmib10.pfb><C:/Program Fil
es/MiKTeX 2.9/fonts/type1/public/amsfonts/cm/cmr10.pfb><C:/Program Files/MiKTeX
 2.9/fonts/type1/public/amsfonts/cm/cmr12.pfb><C:/Program Files/MiKTeX 2.9/font
s/type1/public/amsfonts/cm/cmr17.pfb><C:/Program Files/MiKTeX 2.9/fonts/type1/p
ublic/amsfonts/cm/cmr6.pfb><C:/Program Files/MiKTeX 2.9/fonts/type1/public/amsf
onts/cm/cmr8.pfb><C:/Program Files/MiKTeX 2.9/fonts/type1/public/amsfonts/cm/cm
r9.pfb><C:/Program Files/MiKTeX 2.9/fonts/type1/public/amsfonts/cm/cmsl12.pfb><
C:/Program Files/MiKTeX 2.9/fonts/type1/public/amsfonts/cm/cmsy10.pfb><C:/Progr
am Files/MiKTeX 2.9/fonts/type1/public/amsfonts/cm/cmsy8.pfb><C:/Program Files/
MiKTeX 2.9/fonts/type1/public/amsfonts/cm/cmsy9.pfb><C:/Program Files/MiKTeX 2.
9/fonts/type1/public/amsfonts/cm/cmti10.pfb><C:/Program Files/MiKTeX 2.9/fonts/
type1/public/amsfonts/cm/cmti12.pfb><C:/Program Files/MiKTeX 2.9/fonts/type1/pu
blic/amsfonts/symbols/msam10.pfb><C:/Program Files/MiKTeX 2.9/fonts/type1/urw/z
apfding/uzdr.pfb>
Output written on Thesis.pdf (90 pages, 6504030 bytes).
PDF statistics:
 1071 PDF objects out of 1200 (max. 8388607)
 292 named destinations out of 1000 (max. 500000)
 555 words of extra memory for PDF output out of 10000 (max. 10000000)

