\BOOKMARK [0][-]{dummy.1}{\376\377\000A\000b\000s\000t\000r\000a\000c\000t}{}% 1
\BOOKMARK [0][-]{dummy.2}{\376\377\000A\000c\000k\000n\000o\000w\000l\000e\000d\000g\000e\000m\000e\000n\000t\000s}{}% 2
\BOOKMARK [0][-]{dummy.4}{\376\377\000L\000i\000s\000t\000\040\000o\000f\000\040\000F\000i\000g\000u\000r\000e\000s}{}% 3
\BOOKMARK [0][-]{dummy.6}{\376\377\000L\000i\000s\000t\000\040\000o\000f\000\040\000T\000a\000b\000l\000e\000s}{}% 4
\BOOKMARK [0][-]{chapter.8}{\376\377\0001\000\040\000I\000n\000t\000r\000o\000d\000u\000c\000t\000i\000o\000n}{}% 5
\BOOKMARK [0][-]{chapter.9}{\376\377\0002\000\040\000T\000h\000e\000o\000r\000e\000t\000i\000c\000a\000l\000\040\000F\000r\000a\000m\000e\000w\000o\000r\000k}{}% 6
\BOOKMARK [1][-]{section.10}{\376\377\0002\000.\0001\000\040\000B\000a\000s\000i\000c\000s}{chapter.9}% 7
\BOOKMARK [1][-]{section.13}{\376\377\0002\000.\0002\000\040\000F\000o\000r\000m\000a\000t\000i\000o\000n\000\040\000a\000n\000d\000\040\000e\000v\000o\000l\000u\000t\000i\000o\000n}{chapter.9}% 8
\BOOKMARK [1][-]{section.16}{\376\377\0002\000.\0003\000\040\000O\000b\000s\000e\000r\000v\000a\000t\000i\000o\000n\000a\000l\000\040\000P\000r\000o\000p\000e\000r\000t\000i\000e\000s}{chapter.9}% 9
\BOOKMARK [1][-]{section.23}{\376\377\0002\000.\0004\000\040\000\040\000C\000e\000n\000t\000a\000u\000r\000i}{chapter.9}% 10
\BOOKMARK [1][-]{section.24}{\376\377\0002\000.\0005\000\040\000M\000a\000s\000s\000\040\000m\000o\000d\000e\000l\000s\000\040\000a\000n\000d\000\040\000D\000y\000n\000a\000m\000i\000c\000s}{chapter.9}% 11
\BOOKMARK [2][-]{subsection.25}{\376\377\0002\000.\0005\000.\0001\000\040\000P\000o\000t\000e\000n\000t\000i\000a\000l\000\040\000T\000h\000e\000o\000r\000y\000\040\000o\000f\000\040\000S\000p\000h\000e\000r\000i\000c\000a\000l\000\040\000S\000y\000s\000t\000e\000m\000s}{section.24}% 12
\BOOKMARK [2][-]{subsection.53}{\376\377\0002\000.\0005\000.\0002\000\040\000C\000o\000l\000l\000i\000s\000i\000o\000n\000l\000e\000s\000s\000\040\000S\000y\000s\000t\000e\000m\000s}{section.24}% 13
\BOOKMARK [2][-]{subsection.56}{\376\377\0002\000.\0005\000.\0003\000\040\000D\000y\000n\000a\000m\000i\000c\000s}{section.24}% 14
\BOOKMARK [0][-]{chapter.80}{\376\377\0003\000\040\000O\000b\000s\000e\000r\000v\000a\000t\000i\000o\000n\000s\000\040\000a\000n\000d\000\040\000A\000n\000a\000l\000y\000s\000i\000s}{}% 15
\BOOKMARK [1][-]{section.81}{\376\377\0003\000.\0001\000\040\000O\000b\000s\000e\000r\000v\000a\000t\000i\000o\000n\000a\000l\000\040\000P\000r\000o\000c\000e\000d\000u\000r\000e\000s}{chapter.80}% 16
\BOOKMARK [2][-]{subsection.83}{\376\377\0003\000.\0001\000.\0001\000\040\000S\000p\000e\000c\000t\000r\000o\000s\000c\000o\000p\000i\000c\000\040\000D\000a\000t\000a}{section.81}% 17
\BOOKMARK [2][-]{subsection.86}{\376\377\0003\000.\0001\000.\0002\000\040\000P\000h\000o\000t\000o\000m\000e\000t\000r\000i\000c\000\040\000D\000a\000t\000a}{section.81}% 18
\BOOKMARK [1][-]{section.88}{\376\377\0003\000.\0002\000\040\000F\000i\000r\000s\000t\000\040\000s\000t\000e\000p\000\040\000f\000o\000r\000\040\000A\000n\000a\000y\000s\000i\000s}{chapter.80}% 19
\BOOKMARK [1][-]{section.89}{\376\377\0003\000.\0003\000\040\000P\000h\000o\000t\000o\000m\000e\000t\000r\000y}{chapter.80}% 20
\BOOKMARK [2][-]{subsection.92}{\376\377\0003\000.\0003\000.\0001\000\040\000A\000p\000e\000r\000t\000u\000r\000e\000\040\000P\000h\000o\000t\000o\000m\000e\000t\000r\000y}{section.89}% 21
\BOOKMARK [2][-]{subsection.95}{\376\377\0003\000.\0003\000.\0002\000\040\000P\000S\000F\000\040\000P\000h\000o\000t\000o\000m\000e\000t\000r\000y}{section.89}% 22
\BOOKMARK [1][-]{section.100}{\376\377\0003\000.\0004\000\040\000S\000p\000e\000c\000t\000r\000o\000s\000c\000o\000p\000y}{chapter.80}% 23
\BOOKMARK [2][-]{subsection.101}{\376\377\0003\000.\0004\000.\0001\000\040\000S\000p\000e\000c\000t\000r\000o\000s\000c\000o\000p\000i\000c\000\040\000R\000e\000d\000u\000c\000t\000i\000o\000n}{section.100}% 24
\BOOKMARK [2][-]{subsection.103}{\376\377\0003\000.\0004\000.\0002\000\040\000E\000x\000t\000r\000a\000c\000t\000i\000o\000n}{section.100}% 25
\BOOKMARK [2][-]{subsection.105}{\376\377\0003\000.\0004\000.\0003\000\040\000W\000a\000v\000e\000l\000e\000n\000g\000t\000h\000\040\000C\000a\000l\000i\000b\000r\000a\000t\000i\000o\000n}{section.100}% 26
\BOOKMARK [2][-]{subsection.109}{\376\377\0003\000.\0004\000.\0004\000\040\000F\000l\000u\000x\000\040\000C\000a\000l\000i\000b\000r\000a\000t\000i\000o\000n}{section.100}% 27
\BOOKMARK [1][-]{section.112}{\376\377\0003\000.\0005\000\040\000R\000a\000d\000i\000a\000l\000\040\000v\000e\000l\000o\000c\000i\000t\000y\000\040\000d\000e\000t\000e\000r\000m\000i\000n\000a\000t\000i\000o\000n}{chapter.80}% 28
\BOOKMARK [2][-]{subsection.113}{\376\377\0003\000.\0005\000.\0001\000\040\000R\000V\000S\000A\000O}{section.112}% 29
\BOOKMARK [2][-]{subsection.119}{\376\377\0003\000.\0005\000.\0002\000\040\000F\000X\000C\000O\000R}{section.112}% 30
\BOOKMARK [1][-]{section.124}{\376\377\0003\000.\0006\000\040\000D\000a\000t\000a\000b\000a\000s\000e\000s}{chapter.80}% 31
\BOOKMARK [0][-]{chapter.127}{\376\377\0004\000\040\000M\000o\000d\000e\000l\000l\000i\000n\000g}{}% 32
\BOOKMARK [1][-]{section.128}{\376\377\0004\000.\0001\000\040\000M\000o\000d\000i\000f\000i\000e\000d\000\040\000H\000e\000r\000n\000q\000u\000i\000s\000t\000\040\000M\000o\000d\000e\000l}{chapter.127}% 33
\BOOKMARK [2][-]{subsection.154}{\376\377\0004\000.\0001\000.\0001\000\040\000F\000u\000l\000l\000\040\000M\000o\000d\000e\000l\000l\000i\000n\000g}{section.128}% 34
\BOOKMARK [2][-]{subsection.159}{\376\377\0004\000.\0001\000.\0002\000\040\000F\000i\000x\000\040\000m\000a\000s\000s\000-\000t\000o\000-\000l\000i\000g\000h\000t\000\040\000r\000a\000t\000i\000o}{section.128}% 35
\BOOKMARK [1][-]{section.165}{\376\377\0004\000.\0002\000\040\000S\000t\000e\000l\000l\000a\000r\000\040\000P\000o\000p\000u\000l\000a\000t\000i\000o\000n\000\040\000S\000y\000n\000t\000h\000e\000s\000i\000s\000\040\000w\000i\000t\000h\000\040\000S\000t\000a\000r\000l\000i\000g\000h\000t}{chapter.127}% 36
\BOOKMARK [0][-]{chapter.182}{\376\377\0005\000\040\000C\000o\000n\000c\000l\000u\000s\000i\000o\000n\000s}{}% 37
\BOOKMARK [0][-]{chapter*.183}{\376\377\000B\000i\000b\000l\000i\000o\000g\000r\000a\000p\000h\000y}{}% 38
