\BOOKMARK [0][-]{dummy.1}{\376\377\000A\000b\000s\000t\000r\000a\000c\000t}{}% 1
\BOOKMARK [0][-]{dummy.2}{\376\377\000A\000c\000k\000n\000o\000w\000l\000e\000d\000g\000e\000m\000e\000n\000t\000s}{}% 2
\BOOKMARK [0][-]{dummy.4}{\376\377\000L\000i\000s\000t\000\040\000o\000f\000\040\000F\000i\000g\000u\000r\000e\000s}{}% 3
\BOOKMARK [0][-]{dummy.6}{\376\377\000L\000i\000s\000t\000\040\000o\000f\000\040\000T\000a\000b\000l\000e\000s}{}% 4
\BOOKMARK [0][-]{chapter.8}{\376\377\0001\000\040\000I\000n\000t\000r\000o\000d\000u\000c\000t\000i\000o\000n}{}% 5
\BOOKMARK [0][-]{chapter.9}{\376\377\0002\000\040\000T\000h\000e\000o\000r\000e\000t\000i\000c\000a\000l\000\040\000F\000r\000a\000m\000e\000w\000o\000r\000k}{}% 6
\BOOKMARK [1][-]{section.10}{\376\377\0002\000.\0001\000\040\000G\000l\000o\000b\000u\000l\000a\000r\000\040\000C\000l\000u\000s\000t\000e\000r\000s}{chapter.9}% 7
\BOOKMARK [2][-]{subsection.12}{\376\377\0002\000.\0001\000.\0001\000\040\000B\000a\000s\000i\000c\000s}{section.10}% 8
\BOOKMARK [2][-]{subsection.13}{\376\377\0002\000.\0001\000.\0002\000\040\000F\000o\000r\000m\000a\000t\000i\000o\000n\000\040\000a\000n\000d\000\040\000e\000v\000o\000l\000u\000t\000i\000o\000n}{section.10}% 9
\BOOKMARK [2][-]{subsection.16}{\376\377\0002\000.\0001\000.\0003\000\040\000O\000b\000s\000e\000r\000v\000a\000t\000i\000o\000n\000a\000l\000\040\000P\000r\000o\000p\000e\000r\000t\000i\000e\000s}{section.10}% 10
\BOOKMARK [1][-]{section.18}{\376\377\0002\000.\0002\000\040\000S\000t\000e\000l\000l\000a\000r\000\040\000S\000y\000s\000t\000e\000m\000\040\000D\000y\000n\000a\000m\000i\000c\000s}{chapter.9}% 11
\BOOKMARK [2][-]{subsection.19}{\376\377\0002\000.\0002\000.\0001\000\040\000P\000o\000t\000e\000n\000t\000i\000a\000l\000\040\000T\000h\000e\000o\000r\000y\000\040\000o\000f\000\040\000S\000p\000h\000e\000r\000i\000c\000a\000l\000\040\000S\000y\000s\000t\000e\000m\000s}{section.18}% 12
\BOOKMARK [2][-]{subsection.20}{\376\377\0002\000.\0002\000.\0002\000\040\000C\000o\000l\000i\000s\000i\000o\000n\000l\000e\000s\000s\000\040\000S\000y\000s\000t\000e\000m\000s}{section.18}% 13
\BOOKMARK [2][-]{subsection.22}{\376\377\0002\000.\0002\000.\0003\000\040\000D\000y\000n\000a\000m\000i\000c\000s}{section.18}% 14
\BOOKMARK [1][-]{section.30}{\376\377\0002\000.\0003\000\040\000S\000c\000e\000n\000a\000r\000i\000o\000\040\000a\000n\000d\000\040\000O\000b\000s\000e\000r\000v\000a\000t\000i\000o\000n\000s}{chapter.9}% 15
\BOOKMARK [1][-]{section.33}{\376\377\0002\000.\0004\000\040\000S\000i\000m\000u\000l\000a\000t\000i\000o\000n\000s}{chapter.9}% 16
\BOOKMARK [0][-]{chapter.34}{\376\377\0003\000\040\000O\000b\000s\000e\000r\000v\000a\000t\000i\000o\000n\000s\000\040\000a\000n\000d\000\040\000A\000n\000a\000l\000y\000s\000i\000s}{}% 17
\BOOKMARK [1][-]{section.35}{\376\377\0003\000.\0001\000\040\000O\000b\000s\000e\000r\000v\000a\000t\000i\000o\000n\000a\000l\000\040\000P\000r\000o\000c\000e\000d\000u\000r\000e\000s}{chapter.34}% 18
\BOOKMARK [2][-]{subsection.37}{\376\377\0003\000.\0001\000.\0001\000\040\000S\000p\000e\000c\000t\000r\000o\000s\000c\000o\000p\000i\000c\000\040\000D\000a\000t\000a}{section.35}% 19
\BOOKMARK [2][-]{subsection.40}{\376\377\0003\000.\0001\000.\0002\000\040\000P\000h\000o\000t\000o\000m\000e\000t\000r\000i\000c\000\040\000D\000a\000t\000a}{section.35}% 20
\BOOKMARK [1][-]{section.42}{\376\377\0003\000.\0002\000\040\000F\000i\000r\000s\000t\000\040\000s\000t\000e\000p\000\040\000f\000o\000r\000\040\000A\000n\000a\000y\000s\000i\000s}{chapter.34}% 21
\BOOKMARK [1][-]{section.43}{\376\377\0003\000.\0003\000\040\000P\000h\000o\000t\000o\000m\000e\000t\000r\000y}{chapter.34}% 22
\BOOKMARK [2][-]{subsection.46}{\376\377\0003\000.\0003\000.\0001\000\040\000A\000p\000e\000r\000t\000u\000r\000e\000\040\000P\000h\000o\000t\000o\000m\000e\000t\000r\000y}{section.43}% 23
\BOOKMARK [2][-]{subsection.49}{\376\377\0003\000.\0003\000.\0002\000\040\000P\000S\000F\000\040\000P\000h\000o\000t\000o\000m\000e\000t\000r\000y}{section.43}% 24
\BOOKMARK [1][-]{section.53}{\376\377\0003\000.\0004\000\040\000S\000p\000e\000c\000t\000r\000o\000s\000c\000o\000p\000y}{chapter.34}% 25
\BOOKMARK [2][-]{subsection.54}{\376\377\0003\000.\0004\000.\0001\000\040\000S\000p\000e\000c\000t\000r\000o\000s\000c\000o\000p\000i\000c\000\040\000R\000e\000d\000u\000c\000t\000i\000o\000n}{section.53}% 26
\BOOKMARK [2][-]{subsection.56}{\376\377\0003\000.\0004\000.\0002\000\040\000E\000x\000t\000r\000a\000c\000t\000i\000o\000n}{section.53}% 27
\BOOKMARK [2][-]{subsection.58}{\376\377\0003\000.\0004\000.\0003\000\040\000W\000a\000v\000e\000l\000e\000n\000g\000t\000h\000\040\000C\000a\000l\000i\000b\000r\000a\000t\000i\000o\000n}{section.53}% 28
\BOOKMARK [2][-]{subsection.61}{\376\377\0003\000.\0004\000.\0004\000\040\000F\000l\000u\000x\000\040\000C\000a\000l\000i\000b\000r\000a\000t\000i\000o\000n}{section.53}% 29
\BOOKMARK [1][-]{section.64}{\376\377\0003\000.\0005\000\040\000R\000V\000S\000A\000O\000\040\000a\000n\000d\000\040\000r\000a\000d\000i\000a\000l\000\040\000v\000e\000l\000o\000c\000i\000t\000y\000\040\000d\000e\000t\000e\000r\000m\000i\000n\000a\000t\000i\000o\000n}{chapter.34}% 30
\BOOKMARK [0][-]{chapter.66}{\376\377\0004\000\040\000M\000o\000d\000e\000l\000l\000i\000n\000g}{}% 31
\BOOKMARK [0][-]{chapter.67}{\376\377\0005\000\040\000C\000o\000n\000c\000l\000u\000s\000i\000o\000n\000s}{}% 32
\BOOKMARK [0][-]{chapter*.68}{\376\377\000B\000i\000b\000l\000i\000o\000g\000r\000a\000p\000h\000y}{}% 33
