This is pdfTeX, Version 3.1415926-2.5-1.40.14 (TeX Live 2013/Debian) (format=pdflatex 2015.8.1)  8 OCT 2015 19:36
entering extended mode
 restricted \write18 enabled.
 %&-line parsing enabled.
**Thesis.tex
(./Thesis.tex
LaTeX2e <2011/06/27>
Babel <3.9h> and hyphenation patterns for 4 languages loaded.
(./Thesis.cls
Document Class: Thesis 2007/22/02 v1.0 LaTeX document class
(/usr/share/texlive/texmf-dist/tex/latex/base/book.cls
Document Class: book 2007/10/19 v1.4h Standard LaTeX document class
(/usr/share/texlive/texmf-dist/tex/latex/base/bk11.clo
File: bk11.clo 2007/10/19 v1.4h Standard LaTeX file (size option)
)
\c@part=\count79
\c@chapter=\count80
\c@section=\count81
\c@subsection=\count82
\c@subsubsection=\count83
\c@paragraph=\count84
\c@subparagraph=\count85
\c@figure=\count86
\c@table=\count87
\abovecaptionskip=\skip41
\belowcaptionskip=\skip42
\bibindent=\dimen102
)
(/usr/share/texlive/texmf-dist/tex/latex/setspace/setspace.sty
Package: setspace 2011/12/19 v6.7a set line spacing
)
(/usr/share/texlive/texmf-dist/tex/latex/vmargin/vmargin.sty
Package: vmargin 2004/07/15 V2.5 set document margins (VK)

Package: vmargin 2004/07/15 V2.5 set document margins (VK)
\PaperWidth=\dimen103
\PaperHeight=\dimen104
) (/usr/share/texlive/texmf-dist/tex/latex/fancyhdr/fancyhdr.sty
\fancy@headwidth=\skip43
\f@ncyO@elh=\skip44
\f@ncyO@erh=\skip45
\f@ncyO@olh=\skip46
\f@ncyO@orh=\skip47
\f@ncyO@elf=\skip48
\f@ncyO@erf=\skip49
\f@ncyO@olf=\skip50
\f@ncyO@orf=\skip51
)
(/usr/share/texlive/texmf-dist/tex/latex/amsmath/amsmath.sty
Package: amsmath 2013/01/14 v2.14 AMS math features
\@mathmargin=\skip52

For additional information on amsmath, use the `?' option.
(/usr/share/texlive/texmf-dist/tex/latex/amsmath/amstext.sty
Package: amstext 2000/06/29 v2.01

(/usr/share/texlive/texmf-dist/tex/latex/amsmath/amsgen.sty
File: amsgen.sty 1999/11/30 v2.0
\@emptytoks=\toks14
\ex@=\dimen105
))
(/usr/share/texlive/texmf-dist/tex/latex/amsmath/amsbsy.sty
Package: amsbsy 1999/11/29 v1.2d
\pmbraise@=\dimen106
)
(/usr/share/texlive/texmf-dist/tex/latex/amsmath/amsopn.sty
Package: amsopn 1999/12/14 v2.01 operator names
)
\inf@bad=\count88
LaTeX Info: Redefining \frac on input line 210.
\uproot@=\count89
\leftroot@=\count90
LaTeX Info: Redefining \overline on input line 306.
\classnum@=\count91
\DOTSCASE@=\count92
LaTeX Info: Redefining \ldots on input line 378.
LaTeX Info: Redefining \dots on input line 381.
LaTeX Info: Redefining \cdots on input line 466.
\Mathstrutbox@=\box26
\strutbox@=\box27
\big@size=\dimen107
LaTeX Font Info:    Redeclaring font encoding OML on input line 566.
LaTeX Font Info:    Redeclaring font encoding OMS on input line 567.
\macc@depth=\count93
\c@MaxMatrixCols=\count94
\dotsspace@=\muskip10
\c@parentequation=\count95
\dspbrk@lvl=\count96
\tag@help=\toks15
\row@=\count97
\column@=\count98
\maxfields@=\count99
\andhelp@=\toks16
\eqnshift@=\dimen108
\alignsep@=\dimen109
\tagshift@=\dimen110
\tagwidth@=\dimen111
\totwidth@=\dimen112
\lineht@=\dimen113
\@envbody=\toks17
\multlinegap=\skip53
\multlinetaggap=\skip54
\mathdisplay@stack=\toks18
LaTeX Info: Redefining \[ on input line 2665.
LaTeX Info: Redefining \] on input line 2666.
)
(/usr/share/texlive/texmf-dist/tex/latex/amsfonts/amsfonts.sty
Package: amsfonts 2013/01/14 v3.01 Basic AMSFonts support
\symAMSa=\mathgroup4
\symAMSb=\mathgroup5
LaTeX Font Info:    Overwriting math alphabet `\mathfrak' in version `bold'
(Font)                  U/euf/m/n --> U/euf/b/n on input line 106.
)
(/usr/share/texlive/texmf-dist/tex/latex/amsfonts/amssymb.sty
Package: amssymb 2013/01/14 v3.01 AMS font symbols
)
(/usr/share/texlive/texmf-dist/tex/latex/amsmath/amscd.sty
Package: amscd 1999/11/29 v2.0
\athelp@=\toks19
\minaw@=\dimen114
\bigaw@=\dimen115
\minCDarrowwidth=\dimen116
)
(/usr/share/texlive/texmf-dist/tex/latex/amscls/amsthm.sty
Package: amsthm 2004/08/06 v2.20
\thm@style=\toks20
\thm@bodyfont=\toks21
\thm@headfont=\toks22
\thm@notefont=\toks23
\thm@headpunct=\toks24
\thm@preskip=\skip55
\thm@postskip=\skip56
\thm@headsep=\skip57
\dth@everypar=\toks25
)
(/usr/share/texlive/texmf-dist/tex/latex/tools/xspace.sty
Package: xspace 2009/10/20 v1.13 Space after command names (DPC,MH)
)
\c@example=\count100
\c@theorem=\count101

(/usr/share/texlive/texmf-dist/tex/latex/caption/caption.sty
Package: caption 2013/05/02 v3.3-89 Customizing captions (AR)

(/usr/share/texlive/texmf-dist/tex/latex/caption/caption3.sty
Package: caption3 2013/05/02 v1.6-88 caption3 kernel (AR)
Package caption3 Info: TeX engine: e-TeX on input line 57.

(/usr/share/texlive/texmf-dist/tex/latex/graphics/keyval.sty
Package: keyval 1999/03/16 v1.13 key=value parser (DPC)
\KV@toks@=\toks26
)
\captionmargin=\dimen117
\captionmargin@=\dimen118
\captionwidth=\dimen119
\caption@tempdima=\dimen120
\caption@indent=\dimen121
\caption@parindent=\dimen122
\caption@hangindent=\dimen123
)
\c@ContinuedFloat=\count102
)
(/usr/share/texlive/texmf-dist/tex/latex/graphics/graphicx.sty
Package: graphicx 1999/02/16 v1.0f Enhanced LaTeX Graphics (DPC,SPQR)

(/usr/share/texlive/texmf-dist/tex/latex/graphics/graphics.sty
Package: graphics 2009/02/05 v1.0o Standard LaTeX Graphics (DPC,SPQR)

(/usr/share/texlive/texmf-dist/tex/latex/graphics/trig.sty
Package: trig 1999/03/16 v1.09 sin cos tan (DPC)
)
(/usr/share/texlive/texmf-dist/tex/latex/latexconfig/graphics.cfg
File: graphics.cfg 2010/04/23 v1.9 graphics configuration of TeX Live
)
Package graphics Info: Driver file: pdftex.def on input line 91.

(/usr/share/texlive/texmf-dist/tex/latex/pdftex-def/pdftex.def
File: pdftex.def 2011/05/27 v0.06d Graphics/color for pdfTeX

(/usr/share/texlive/texmf-dist/tex/generic/oberdiek/infwarerr.sty
Package: infwarerr 2010/04/08 v1.3 Providing info/warning/error messages (HO)
)
(/usr/share/texlive/texmf-dist/tex/generic/oberdiek/ltxcmds.sty
Package: ltxcmds 2011/11/09 v1.22 LaTeX kernel commands for general use (HO)
)
\Gread@gobject=\count103
))
\Gin@req@height=\dimen124
\Gin@req@width=\dimen125
)
(/usr/share/texlive/texmf-dist/tex/latex/oberdiek/epstopdf.sty
Package: epstopdf 2010/02/09 v2.5 Conversion with epstopdf on the fly (HO)

(/usr/share/texlive/texmf-dist/tex/latex/oberdiek/epstopdf-base.sty
Package: epstopdf-base 2010/02/09 v2.5 Base part for package epstopdf

(/usr/share/texlive/texmf-dist/tex/latex/oberdiek/grfext.sty
Package: grfext 2010/08/19 v1.1 Manage graphics extensions (HO)

(/usr/share/texlive/texmf-dist/tex/generic/oberdiek/kvdefinekeys.sty
Package: kvdefinekeys 2011/04/07 v1.3 Define keys (HO)
))
(/usr/share/texlive/texmf-dist/tex/latex/oberdiek/kvoptions.sty
Package: kvoptions 2011/06/30 v3.11 Key value format for package options (HO)

(/usr/share/texlive/texmf-dist/tex/generic/oberdiek/kvsetkeys.sty
Package: kvsetkeys 2012/04/25 v1.16 Key value parser (HO)

(/usr/share/texlive/texmf-dist/tex/generic/oberdiek/etexcmds.sty
Package: etexcmds 2011/02/16 v1.5 Avoid name clashes with e-TeX commands (HO)

(/usr/share/texlive/texmf-dist/tex/generic/oberdiek/ifluatex.sty
Package: ifluatex 2010/03/01 v1.3 Provides the ifluatex switch (HO)
Package ifluatex Info: LuaTeX not detected.
)
Package etexcmds Info: Could not find \expanded.
(etexcmds)             That can mean that you are not using pdfTeX 1.50 or
(etexcmds)             that some package has redefined \expanded.
(etexcmds)             In the latter case, load this package earlier.
)))
(/usr/share/texlive/texmf-dist/tex/generic/oberdiek/pdftexcmds.sty
Package: pdftexcmds 2011/11/29 v0.20 Utility functions of pdfTeX for LuaTeX (HO
)

(/usr/share/texlive/texmf-dist/tex/generic/oberdiek/ifpdf.sty
Package: ifpdf 2011/01/30 v2.3 Provides the ifpdf switch (HO)
Package ifpdf Info: pdfTeX in PDF mode is detected.
)
Package pdftexcmds Info: LuaTeX not detected.
Package pdftexcmds Info: \pdf@primitive is available.
Package pdftexcmds Info: \pdf@ifprimitive is available.
Package pdftexcmds Info: \pdfdraftmode found.
)
Package grfext Info: Graphics extension search list:
(grfext)             [.png,.pdf,.jpg,.mps,.jpeg,.jbig2,.jb2,.PNG,.PDF,.JPG,.JPE
G,.JBIG2,.JB2,.eps]
(grfext)             \AppendGraphicsExtensions on input line 452.

(/usr/share/texlive/texmf-dist/tex/latex/latexconfig/epstopdf-sys.cfg
File: epstopdf-sys.cfg 2010/07/13 v1.3 Configuration of (r)epstopdf for TeX Liv
e
)))
(/usr/share/texlive/texmf-dist/tex/latex/subfigure/subfigure.sty
Package: subfigure 2002/03/15 v2.1.5 subfigure package
\subfigtopskip=\skip58
\subfigcapskip=\skip59
\subfigcaptopadj=\dimen126
\subfigbottomskip=\skip60
\subfigcapmargin=\dimen127
\subfiglabelskip=\skip61
\c@subfigure=\count104
\c@lofdepth=\count105
\c@subtable=\count106
\c@lotdepth=\count107

****************************************
* Local config file subfigure.cfg used *
****************************************
(/usr/share/texlive/texmf-dist/tex/latex/subfigure/subfigure.cfg)
\subfig@top=\skip62
\subfig@bottom=\skip63
)
(/usr/share/texlive/texmf-dist/tex/latex/booktabs/booktabs.sty
Package: booktabs 2005/04/14 v1.61803 publication quality tables
\heavyrulewidth=\dimen128
\lightrulewidth=\dimen129
\cmidrulewidth=\dimen130
\belowrulesep=\dimen131
\belowbottomsep=\dimen132
\aboverulesep=\dimen133
\abovetopsep=\dimen134
\cmidrulesep=\dimen135
\cmidrulekern=\dimen136
\defaultaddspace=\dimen137
\@cmidla=\count108
\@cmidlb=\count109
\@aboverulesep=\dimen138
\@belowrulesep=\dimen139
\@thisruleclass=\count110
\@lastruleclass=\count111
\@thisrulewidth=\dimen140
)
(/usr/share/texlive/texmf-dist/tex/latex/rotating/rotating.sty
Package: rotating 2009/03/28 v2.16a rotated objects in LaTeX

(/usr/share/texlive/texmf-dist/tex/latex/base/ifthen.sty
Package: ifthen 2001/05/26 v1.1c Standard LaTeX ifthen package (DPC)
)
\c@r@tfl@t=\count112
\rotFPtop=\skip64
\rotFPbot=\skip65
\rot@float@box=\box28
\rot@mess@toks=\toks27
)
(/usr/share/texlive/texmf-dist/tex/latex/listings/listings.sty
\lst@mode=\count113
\lst@gtempboxa=\box29
\lst@token=\toks28
\lst@length=\count114
\lst@currlwidth=\dimen141
\lst@column=\count115
\lst@pos=\count116
\lst@lostspace=\dimen142
\lst@width=\dimen143
\lst@newlines=\count117
\lst@lineno=\count118
\lst@maxwidth=\dimen144
 (./lstpatch.sty) (/usr/share/texlive/texmf-dist/tex/latex/listings/lstmisc.sty
File: lstmisc.sty 2013/08/26 1.5b (Carsten Heinz)
\c@lstnumber=\count119
\lst@skipnumbers=\count120
\lst@framebox=\box30
)
(/usr/share/texlive/texmf-dist/tex/latex/listings/listings.cfg
File: listings.cfg 2013/08/26 1.5b listings configuration
))
Package: listings 2013/08/26 1.5b (Carsten Heinz)

(./lstpatch.sty) (/usr/share/texlive/texmf-dist/tex/latex/hyperref/hyperref.sty
Package: hyperref 2012/11/06 v6.83m Hypertext links for LaTeX
(/usr/share/texlive/texmf-dist/tex/generic/oberdiek/hobsub-hyperref.sty
Package: hobsub-hyperref 2012/05/28 v1.13 Bundle oberdiek, subset hyperref (HO)


(/usr/share/texlive/texmf-dist/tex/generic/oberdiek/hobsub-generic.sty
Package: hobsub-generic 2012/05/28 v1.13 Bundle oberdiek, subset generic (HO)
Package: hobsub 2012/05/28 v1.13 Construct package bundles (HO)
Package hobsub Info: Skipping package `infwarerr' (already loaded).
Package hobsub Info: Skipping package `ltxcmds' (already loaded).
Package hobsub Info: Skipping package `ifluatex' (already loaded).
Package: ifvtex 2010/03/01 v1.5 Detect VTeX and its facilities (HO)
Package ifvtex Info: VTeX not detected.
Package: intcalc 2007/09/27 v1.1 Expandable calculations with integers (HO)
Package hobsub Info: Skipping package `ifpdf' (already loaded).
Package hobsub Info: Skipping package `etexcmds' (already loaded).
Package hobsub Info: Skipping package `kvsetkeys' (already loaded).
Package hobsub Info: Skipping package `kvdefinekeys' (already loaded).
Package hobsub Info: Skipping package `pdftexcmds' (already loaded).
Package: pdfescape 2011/11/25 v1.13 Implements pdfTeX's escape features (HO)
Package: bigintcalc 2012/04/08 v1.3 Expandable calculations on big integers (HO
)
Package: bitset 2011/01/30 v1.1 Handle bit-vector datatype (HO)
Package: uniquecounter 2011/01/30 v1.2 Provide unlimited unique counter (HO)
)
Package hobsub Info: Skipping package `hobsub' (already loaded).
Package: letltxmacro 2010/09/02 v1.4 Let assignment for LaTeX macros (HO)
Package: hopatch 2012/05/28 v1.2 Wrapper for package hooks (HO)
Package: xcolor-patch 2011/01/30 xcolor patch
Package: atveryend 2011/06/30 v1.8 Hooks at the very end of document (HO)
Package atveryend Info: \enddocument detected (standard20110627).
Package: atbegshi 2011/10/05 v1.16 At begin shipout hook (HO)
Package: refcount 2011/10/16 v3.4 Data extraction from label references (HO)
Package: hycolor 2011/01/30 v1.7 Color options for hyperref/bookmark (HO)
)
(/usr/share/texlive/texmf-dist/tex/generic/ifxetex/ifxetex.sty
Package: ifxetex 2010/09/12 v0.6 Provides ifxetex conditional
)
(/usr/share/texlive/texmf-dist/tex/latex/oberdiek/auxhook.sty
Package: auxhook 2011/03/04 v1.3 Hooks for auxiliary files (HO)
)
\@linkdim=\dimen145
\Hy@linkcounter=\count121
\Hy@pagecounter=\count122

(/usr/share/texlive/texmf-dist/tex/latex/hyperref/pd1enc.def
File: pd1enc.def 2012/11/06 v6.83m Hyperref: PDFDocEncoding definition (HO)
)
\Hy@SavedSpaceFactor=\count123

(/usr/share/texlive/texmf-dist/tex/latex/latexconfig/hyperref.cfg
File: hyperref.cfg 2002/06/06 v1.2 hyperref configuration of TeXLive
)
Package hyperref Info: Option `bookmarks' set `true' on input line 4319.
Package hyperref Info: Option `bookmarksopen' set `true' on input line 4319.
Package hyperref Info: Option `bookmarksnumbered' set `true' on input line 4319
.
Package hyperref Info: Option `hypertexnames' set `false' on input line 4319.
Package hyperref Info: Option `colorlinks' set `true' on input line 4319.
Package hyperref Info: Option `unicode' set `true' on input line 4319.

(/usr/share/texlive/texmf-dist/tex/latex/hyperref/puenc.def
File: puenc.def 2012/11/06 v6.83m Hyperref: PDF Unicode definition (HO)
)
Package hyperref Info: Option `breaklinks' set `true' on input line 4319.
Package hyperref Info: Hyper figures OFF on input line 4443.
Package hyperref Info: Link nesting OFF on input line 4448.
Package hyperref Info: Hyper index ON on input line 4451.
Package hyperref Info: Plain pages OFF on input line 4458.
Package hyperref Info: Backreferencing OFF on input line 4463.
Package hyperref Info: Implicit mode ON; LaTeX internals redefined.
Package hyperref Info: Bookmarks ON on input line 4688.
\c@Hy@tempcnt=\count124

(/usr/share/texlive/texmf-dist/tex/latex/url/url.sty
\Urlmuskip=\muskip11
Package: url 2013/09/16  ver 3.4  Verb mode for urls, etc.
)
LaTeX Info: Redefining \url on input line 5041.
\XeTeXLinkMargin=\dimen146
\Fld@menulength=\count125
\Field@Width=\dimen147
\Fld@charsize=\dimen148
Package hyperref Info: Hyper figures OFF on input line 6295.
Package hyperref Info: Link nesting OFF on input line 6300.
Package hyperref Info: Hyper index ON on input line 6303.
Package hyperref Info: backreferencing OFF on input line 6310.
Package hyperref Info: Link coloring ON on input line 6313.
Package hyperref Info: Link coloring with OCG OFF on input line 6320.
Package hyperref Info: PDF/A mode OFF on input line 6325.
LaTeX Info: Redefining \ref on input line 6365.
LaTeX Info: Redefining \pageref on input line 6369.
\Hy@abspage=\count126
\c@Item=\count127
\c@Hfootnote=\count128
)

Package hyperref Message: Driver (autodetected): hpdftex.

(/usr/share/texlive/texmf-dist/tex/latex/hyperref/hpdftex.def
File: hpdftex.def 2012/11/06 v6.83m Hyperref driver for pdfTeX
\Fld@listcount=\count129
\c@bookmark@seq@number=\count130

(/usr/share/texlive/texmf-dist/tex/latex/oberdiek/rerunfilecheck.sty
Package: rerunfilecheck 2011/04/15 v1.7 Rerun checks for auxiliary files (HO)
Package uniquecounter Info: New unique counter `rerunfilecheck' on input line 2
82.
)
\Hy@SectionHShift=\skip66
)
\c@dummy=\count131

(/usr/share/texlive/texmf-dist/tex/latex/tools/longtable.sty
Package: longtable 2004/02/01 v4.11 Multi-page Table package (DPC)
\LTleft=\skip67
\LTright=\skip68
\LTpre=\skip69
\LTpost=\skip70
\LTchunksize=\count132
\LTcapwidth=\dimen149
\LT@head=\box31
\LT@firsthead=\box32
\LT@foot=\box33
\LT@lastfoot=\box34
\LT@cols=\count133
\LT@rows=\count134
\c@LT@tables=\count135
\c@LT@chunks=\count136
\LT@p@ftn=\toks29
))
(/usr/share/texlive/texmf-dist/tex/latex/natbib/natbib.sty
Package: natbib 2010/09/13 8.31b (PWD, AO)
\bibhang=\skip71
\bibsep=\skip72
LaTeX Info: Redefining \cite on input line 694.
\c@NAT@ctr=\count137
)
(/usr/share/texlive/texmf-dist/tex/latex/tools/verbatim.sty
Package: verbatim 2003/08/22 v1.5q LaTeX2e package for verbatim enhancements
\every@verbatim=\toks30
\verbatim@line=\toks31
\verbatim@in@stream=\read1
) (./vector.sty)
(/usr/share/texlive/texmf-dist/tex/latex/float/float.sty
Package: float 2001/11/08 v1.3d Float enhancements (AL)
\c@float@type=\count138
\float@exts=\toks32
\float@box=\box35
\@float@everytoks=\toks33
\@floatcapt=\box36
)
Package hyperref Info: Option `colorlinks' set `true' on input line 15.
 (./Thesis.aux

Package natbib Warning: Citation `latexcompanion' multiply defined.


Package natbib Warning: Citation `latexcompanion' multiply defined.


Package natbib Warning: Citation `latexcompanion' multiply defined.

)
\openout1 = `Thesis.aux'.

LaTeX Font Info:    Checking defaults for OML/cmm/m/it on input line 18.
LaTeX Font Info:    ... okay on input line 18.
LaTeX Font Info:    Checking defaults for T1/cmr/m/n on input line 18.
LaTeX Font Info:    ... okay on input line 18.
LaTeX Font Info:    Checking defaults for OT1/cmr/m/n on input line 18.
LaTeX Font Info:    ... okay on input line 18.
LaTeX Font Info:    Checking defaults for OMS/cmsy/m/n on input line 18.
LaTeX Font Info:    ... okay on input line 18.
LaTeX Font Info:    Checking defaults for OMX/cmex/m/n on input line 18.
LaTeX Font Info:    ... okay on input line 18.
LaTeX Font Info:    Checking defaults for U/cmr/m/n on input line 18.
LaTeX Font Info:    ... okay on input line 18.
LaTeX Font Info:    Checking defaults for PD1/pdf/m/n on input line 18.
LaTeX Font Info:    ... okay on input line 18.
LaTeX Font Info:    Checking defaults for PU/pdf/m/n on input line 18.
LaTeX Font Info:    ... okay on input line 18.
Package caption Info: Begin \AtBeginDocument code.
Package caption Info: float package is loaded.
Package caption Info: hyperref package is loaded.
Package caption Info: listings package is loaded.
Package caption Info: longtable package is loaded.
 (/usr/share/texlive/texmf-dist/tex/latex/caption/ltcaption.sty
Package: ltcaption 2013/02/03 v1.3-62 longtable captions (AR)
)
Package caption Info: rotating package is loaded.
Package caption Info: subfigure package is loaded.
Package caption Info: End \AtBeginDocument code.

(/usr/share/texlive/texmf-dist/tex/context/base/supp-pdf.mkii
[Loading MPS to PDF converter (version 2006.09.02).]
\scratchcounter=\count139
\scratchdimen=\dimen150
\scratchbox=\box37
\nofMPsegments=\count140
\nofMParguments=\count141
\everyMPshowfont=\toks34
\MPscratchCnt=\count142
\MPscratchDim=\dimen151
\MPnumerator=\count143
\makeMPintoPDFobject=\count144
\everyMPtoPDFconversion=\toks35
)
\c@lstlisting=\count145
\AtBeginShipoutBox=\box38
 (/usr/share/texlive/texmf-dist/tex/latex/graphics/color.sty
Package: color 2005/11/14 v1.0j Standard LaTeX Color (DPC)

(/usr/share/texlive/texmf-dist/tex/latex/latexconfig/color.cfg
File: color.cfg 2007/01/18 v1.5 color configuration of teTeX/TeXLive
)
Package color Info: Driver file: pdftex.def on input line 130.
)
Package hyperref Info: Link coloring ON on input line 18.

(/usr/share/texlive/texmf-dist/tex/latex/hyperref/nameref.sty
Package: nameref 2012/10/27 v2.43 Cross-referencing by name of section

(/usr/share/texlive/texmf-dist/tex/generic/oberdiek/gettitlestring.sty
Package: gettitlestring 2010/12/03 v1.4 Cleanup title references (HO)
)
\c@section@level=\count146
)
LaTeX Info: Redefining \ref on input line 18.
LaTeX Info: Redefining \pageref on input line 18.
LaTeX Info: Redefining \nameref on input line 18.

(./Thesis.out) (./Thesis.out)
\@outlinefile=\write3
\openout3 = `Thesis.out'.


------------------------------------------------------------------------------
 Title Page
------------------------------------------------------------------------------
<images/Escudo-UdeA.png, id=116, 245.91875pt x 349.305pt>
File: images/Escudo-UdeA.png Graphic file (type png)

<use images/Escudo-UdeA.png>
Package pdftex.def Info: images/Escudo-UdeA.png used on input line 40.
(pdftex.def)             Requested size: 98.36575pt x 139.71951pt.
LaTeX Font Info:    Try loading font information for U+msa on input line 40.

(/usr/share/texlive/texmf-dist/tex/latex/amsfonts/umsa.fd
File: umsa.fd 2013/01/14 v3.01 AMS symbols A
)
LaTeX Font Info:    Try loading font information for U+msb on input line 40.

(/usr/share/texlive/texmf-dist/tex/latex/amsfonts/umsb.fd
File: umsb.fd 2013/01/14 v3.01 AMS symbols B
) [1



{/var/lib/texmf/fonts/map/pdftex/updmap/pdftex.map} <./images/Escudo-UdeA.png>]
 [1

]
------------------------------------------------------------------------------
 Abstract Page
------------------------------------------------------------------------------
[2

]
------------------------------------------------------------------------------
 Acknowledgements
------------------------------------------------------------------------------
[3

]
------------------------------------------------------------------------------
 Table of Contents
------------------------------------------------------------------------------
(./Thesis.toc)
\tf@toc=\write4
\openout4 = `Thesis.toc'.

 [4


]
------------------------------------------------------------------------------
 List of Figures
------------------------------------------------------------------------------
(./Thesis.lof [5


])
\tf@lof=\write5
\openout5 = `Thesis.lof'.

 [6]
------------------------------------------------------------------------------
 Dedicatory
------------------------------------------------------------------------------
[7

] (./Chapters/Chapter1.tex
Chapter 1.
------------------------------------------------------------------------------
 1 Introduction
------------------------------------------------------------------------------
[1



] [2]) (./Chapters/Chapter2.tex [3]
Chapter 2.
------------------------------------------------------------------------------
 2 Theoretical Framework
------------------------------------------------------------------------------
[4

] <images/m15.jpg, id=284, 903.375pt x 752.8125pt>
File: images/m15.jpg Graphic file (type jpg)
 <use images/m15.jpg>
Package pdftex.def Info: images/m15.jpg used on input line 19.
(pdftex.def)             Requested size: 341.43306pt x 284.53246pt.

[5 <./images/m15.jpg>]
Missing character: There is no Ã in font cmr10!
Missing character: There is no © in font cmr10!
Missing character: There is no â in font cmr10!
Missing character: There is no € in font cmr10!
Missing character: There is no ™ in font cmr10!
Missing character: There is no â in font cmr10!
Missing character: There is no € in font cmr10!
Missing character: There is no ™ in font cmr10!
Missing character: There is no â in font cmr10!
Missing character: There is no € in font cmr10!
Missing character: There is no ” in font cmr10!
Missing character: There is no â in font cmr10!
Missing character: There is no € in font cmr10!
Missing character: There is no ” in font cmr10!
 [6]
Missing character: There is no â in font cmr10!
Missing character: There is no € in font cmr10!
Missing character: There is no ” in font cmr10!
Missing character: There is no â in font cmr10!
Missing character: There is no € in font cmr10!
Missing character: There is no ” in font cmr10!
Missing character: There is no â in font cmr10!
Missing character: There is no € in font cmr10!
Missing character: There is no “ in font cmr10!
 [7]
<images/m55_diagram.jpg, id=298, 410.18108pt x 410.18108pt>
File: images/m55_diagram.jpg Graphic file (type jpg)

<use images/m55_diagram.jpg>
Package pdftex.def Info: images/m55_diagram.jpg used on input line 70.
(pdftex.def)             Requested size: 284.52756pt x 284.53989pt.
 [8]
Missing character: There is no â in font cmr10!
Missing character: There is no € in font cmr10!
Missing character: There is no ˜ in font cmr10!
Missing character: There is no â in font cmr10!
Missing character: There is no € in font cmr10!
Missing character: There is no ™ in font cmr10!
Missing character: There is no â in font cmr10!
Missing character: There is no € in font cmr10!
Missing character: There is no ˜ in font cmr10!
Missing character: There is no â in font cmr10!
Missing character: There is no € in font cmr10!
Missing character: There is no ™ in font cmr10!
 [9 <./images/m55_diagram.jpg>] [10])
(./Chapters/Chapter3.tex [11]
Chapter 3.
------------------------------------------------------------------------------
 3 Observations and Analysis
------------------------------------------------------------------------------
<images/opd.jpg, id=324, 66.9702pt x 55.04565pt>
File: images/opd.jpg Graphic file (type jpg)
 <use images/opd.jpg>
Package pdftex.def Info: images/opd.jpg used on input line 15.
(pdftex.def)             Requested size: 284.52756pt x 233.86946pt.
 [12

]
<images/opd-spectrograph.jpg, id=329, 602.25pt x 401.5pt>
File: images/opd-spectrograph.jpg Graphic file (type jpg)

<use images/opd-spectrograph.jpg>
Package pdftex.def Info: images/opd-spectrograph.jpg used on input line 25.
(pdftex.def)             Requested size: 284.52756pt x 189.69136pt.
 [13 <./images/opd.jpg> <./images/opd-spectrograph.jpg>] <images/9.png, id=334,
 499.11469pt x 395.22656pt>
File: images/9.png Graphic file (type png)

<use images/9.png>
Package pdftex.def Info: images/9.png used on input line 33.
(pdftex.def)             Requested size: 284.52756pt x 225.31163pt.
Missing character: There is no Â in font cmr10!
Missing character: There is no ° in font cmr10!
Missing character: There is no Â in font cmr10!
Missing character: There is no ° in font cmr10!
Missing character: There is no Â in font cmr10!
Missing character: There is no ° in font cmr10!
 [14 <./images/9.png>]
<images/opd-photometry.jpg, id=339, 770.88pt x 578.16pt>
File: images/opd-photometry.jpg Graphic file (type jpg)

<use images/opd-photometry.jpg>
Package pdftex.def Info: images/opd-photometry.jpg used on input line 49.
(pdftex.def)             Requested size: 227.62204pt x 170.71451pt.
 [15 <./images/opd-photometry.jpg>] [16]
<images/ngc_5139_dirty.png, id=348, 487.06969pt x 483.30562pt>
File: images/ngc_5139_dirty.png Graphic file (type png)

<use images/ngc_5139_dirty.png>
Package pdftex.def Info: images/ngc_5139_dirty.png used on input line 82.
(pdftex.def)             Requested size: 187.8616pt x 186.40878pt.

Underfull \hbox (badness 1552) in paragraph at lines 83--83
 \OT1/cmr/m/n/10 NGC5139 with-out be-ing pre-vi- 
 []

<images/ruido.png, id=349, 484.05844pt x 483.30562pt>
File: images/ruido.png Graphic file (type png)
 <use images/ruido.png>
Package pdftex.def Info: images/ruido.png used on input line 87.
(pdftex.def)             Requested size: 187.8616pt x 187.5666pt.

[17 <./images/ngc_5139_dirty.png> <./images/ruido.png>]
<images/flat_I.png, id=355, 356.83313pt x 317.68687pt>
File: images/flat_I.png Graphic file (type png)
 <use images/flat_I.png>
Package pdftex.def Info: images/flat_I.png used on input line 107.
(pdftex.def)             Requested size: 227.62204pt x 202.64993pt.

[18 <./images/flat_I.png>]
<images/NGC5139_red.png, id=360, 294.34969pt x 297.36093pt>
File: images/NGC5139_red.png Graphic file (type png)

<use images/NGC5139_red.png>
Package pdftex.def Info: images/NGC5139_red.png used on input line 121.
(pdftex.def)             Requested size: 227.62204pt x 229.95322pt.
 [19 <./images/NGC5139_red.png>]
<images/mag_vs_ap_size.png, id=365, 515.67656pt x 286.82156pt>
File: images/mag_vs_ap_size.png Graphic file (type png)

<use images/mag_vs_ap_size.png>
Package pdftex.def Info: images/mag_vs_ap_size.png used on input line 133.
(pdftex.def)             Requested size: 341.43306pt x 189.91113pt.
 [20 <./images/mag_vs_ap_size.png>]
<images/psf.png, id=370, 480.29437pt x 359.09157pt>
File: images/psf.png Graphic file (type png)
 <use images/psf.png>
Package pdftex.def Info: images/psf.png used on input line 157.
(pdftex.def)             Requested size: 227.62204pt x 170.18123pt.

[21] <images/psf2.png, id=375, 223.58531pt x 224.33812pt>
File: images/psf2.png Graphic file (type png)

<use images/psf2.png>
Package pdftex.def Info: images/psf2.png used on input line 165.
(pdftex.def)             Requested size: 142.26378pt x 142.74408pt.
 <images/psf3.png, id=376, 191.21437pt x 213.79875pt>
File: images/psf3.png Graphic file (type png)

<use images/psf3.png>
Package pdftex.def Info: images/psf3.png used on input line 173.
(pdftex.def)             Requested size: 142.26378pt x 159.07309pt.
 [22 <./images/psf.png> <./images/psf2.png>] [23 <./images/psf3.png>] <images/c
luster_dirty.png, id=386, 207.02344pt x 320.69812pt>
File: images/cluster_dirty.png Graphic file (type png)

<use images/cluster_dirty.png>
Package pdftex.def Info: images/cluster_dirty.png used on input line 212.
(pdftex.def)             Requested size: 187.8616pt x 291.02342pt.

<images/cluster_clean.png, id=387, 206.27063pt x 320.69812pt>
File: images/cluster_clean.png Graphic file (type png)

<use images/cluster_clean.png>
Package pdftex.def Info: images/cluster_clean.png used on input line 217.
(pdftex.def)             Requested size: 187.8616pt x 292.08041pt.
 [24] [25 <./images/cluster_dirty.png> <./images/cluster_clean.png>]
<images/calib_star_apall.png, id=396, 459.21562pt x 350.05782pt>
File: images/calib_star_apall.png Graphic file (type png)

<use images/calib_star_apall.png>
Package pdftex.def Info: images/calib_star_apall.png used on input line 250.
(pdftex.def)             Requested size: 227.62204pt x 173.51683pt.
 [26 <./images/calib_star_apall.png>]
<images/lamp_day1_2.png, id=401, 463.7325pt x 350.05782pt>
File: images/lamp_day1_2.png Graphic file (type png)

<use images/lamp_day1_2.png>
Package pdftex.def Info: images/lamp_day1_2.png used on input line 261.
(pdftex.def)             Requested size: 187.8616pt x 141.81001pt.

<images/lamp1.png, id=402, 776.9025pt x 577.40718pt>
File: images/lamp1.png Graphic file (type png)
 <use images/lamp1.png>
Package pdftex.def Info: images/lamp1.png used on input line 266.
(pdftex.def)             Requested size: 187.8616pt x 139.6202pt.

<images/calib_star_wave.png, id=403, 465.99094pt x 353.06906pt>
File: images/calib_star_wave.png Graphic file (type png)

<use images/calib_star_wave.png>
Package pdftex.def Info: images/calib_star_wave.png used on input line 279.
(pdftex.def)             Requested size: 227.62204pt x 172.46121pt.
 [27 <./images/lamp_day1_2.png> <./images/lamp1.png>] [28 <./images/calib_star_
wave.png>]
<images/calib_star_flux.png, id=412, 462.97969pt x 356.0803pt>
File: images/calib_star_flux.png Graphic file (type png)

<use images/calib_star_flux.png>
Package pdftex.def Info: images/calib_star_flux.png used on input line 326.
(pdftex.def)             Requested size: 227.62204pt x 175.06767pt.
 [29]
<images/cluster_star_flux.png, id=418, 444.91219pt x 346.29375pt>
File: images/cluster_star_flux.png Graphic file (type png)

<use images/cluster_star_flux.png>
Package pdftex.def Info: images/cluster_star_flux.png used on input line 344.
(pdftex.def)             Requested size: 227.62204pt x 177.16757pt.
 [30 <./images/calib_star_flux.png>]
<images/bcvcor.png, id=424, 469.00218pt x 421.575pt>
File: images/bcvcor.png Graphic file (type png)
 <use images/bcvcor.png>
Package pdftex.def Info: images/bcvcor.png used on input line 356.
(pdftex.def)             Requested size: 284.52756pt x 255.7516pt.
)
[31 <./images/cluster_star_flux.png>] (./Chapters/Chapter4.tex [32 <./images/bc
vcor.png>]
Chapter 4.
------------------------------------------------------------------------------
 4 Modelling
------------------------------------------------------------------------------
) (./Chapters/Chapter5.tex [33

]
Chapter 5.
------------------------------------------------------------------------------
 5 Conclusions
------------------------------------------------------------------------------
) [34

]
No file Thesis.bbl.

Package natbib Warning: There were multiply defined citations.

Package atveryend Info: Empty hook `BeforeClearDocument' on input line 232.
[35

pdfTeX warning (ext4): destination with the same identifier (name{cite.latexcom
panion}) has been already used, duplicate ignored

\AtBegShi@Output ...ipout \box \AtBeginShipoutBox 
                                                  \fi \fi 
l.232 \end{document}
                    pdfTeX warning (ext4): destination with the same identifier
 (name{cite.latexcompanion}) has been already used, duplicate ignored

\AtBegShi@Output ...ipout \box \AtBeginShipoutBox 
                                                  \fi \fi 
l.232 \end{document}
                    pdfTeX warning (ext4): destination with the same identifier
 (name{cite.latexcompanion}) has been already used, duplicate ignored

\AtBegShi@Output ...ipout \box \AtBeginShipoutBox 
                                                  \fi \fi 
l.232 \end{document}
                    ]
Package atveryend Info: Empty hook `AfterLastShipout' on input line 232.
 (./Thesis.aux

Package natbib Warning: Citation(s) may have changed.
(natbib)                Rerun to get citations correct.

)
Package atveryend Info: Executing hook `AtVeryEndDocument' on input line 232.
Package atveryend Info: Executing hook `AtEndAfterFileList' on input line 232.
Package rerunfilecheck Info: File `Thesis.out' has not changed.
(rerunfilecheck)             Checksum: 44F11F7A6220884D67A23D511DA90A1A;4627.
Package atveryend Info: Empty hook `AtVeryVeryEnd' on input line 232.
 ) 
Here is how much of TeX's memory you used:
 13056 strings out of 494985
 185197 string characters out of 6180357
 253128 words of memory out of 5000000
 15965 multiletter control sequences out of 15000+600000
 14224 words of font info for 52 fonts, out of 8000000 for 9000
 36 hyphenation exceptions out of 8191
 49i,12n,45p,13209b,419s stack positions out of 5000i,500n,10000p,200000b,80000s
</usr/share/texlive/texmf-dist/fonts/type1/public/amsfonts/cm/cmbx10.pfb></us
r/share/texlive/texmf-dist/fonts/type1/public/amsfonts/cm/cmbx12.pfb></usr/shar
e/texlive/texmf-dist/fonts/type1/public/amsfonts/cm/cmex10.pfb></usr/share/texl
ive/texmf-dist/fonts/type1/public/amsfonts/cm/cmmi10.pfb></usr/share/texlive/te
xmf-dist/fonts/type1/public/amsfonts/cm/cmmi8.pfb></usr/share/texlive/texmf-dis
t/fonts/type1/public/amsfonts/cm/cmr10.pfb></usr/share/texlive/texmf-dist/fonts
/type1/public/amsfonts/cm/cmr12.pfb></usr/share/texlive/texmf-dist/fonts/type1/
public/amsfonts/cm/cmr17.pfb></usr/share/texlive/texmf-dist/fonts/type1/public/
amsfonts/cm/cmr8.pfb></usr/share/texlive/texmf-dist/fonts/type1/public/amsfonts
/cm/cmsl12.pfb></usr/share/texlive/texmf-dist/fonts/type1/public/amsfonts/cm/cm
sy10.pfb></usr/share/texlive/texmf-dist/fonts/type1/public/amsfonts/cm/cmti10.p
fb></usr/share/texlive/texmf-dist/fonts/type1/public/amsfonts/cm/cmti12.pfb>
Output written on Thesis.pdf (43 pages, 3684754 bytes).
PDF statistics:
 516 PDF objects out of 1000 (max. 8388607)
 428 compressed objects within 5 object streams
 99 named destinations out of 1000 (max. 500000)
 345 words of extra memory for PDF output out of 10000 (max. 10000000)

