
             Description of Fit to CCF Peak and Cross-Correlation
	   NOAO/IRAF V2.16.1 juan@juan-UX303LA Tue 21:33:20 17-Nov-2015

Obj  = `          cluster.1.fits[1]'   star = `NGC5139'
Temp = `           template.fits[1]'   star = `'
Deltav = 8.937 Km/sec                  Tempvel = INDEF Km/sec

Fit Parameters:
         Function = `gaussian'               Width = INDEF
           Height = 0.                    Minwidth = 3.
             Peak = no                    Maxwidth = 21.
          Weights = YES                 Background = 0.
        Wincenter = INDEF                   Window = INDEF

	Number of points fit = 21
	Number of iterations = 3
	Number of coeffs fit = 1 - 3
	Chi Squared of fit = 6.558E-7
	Fit Coefficients:
		c[1] =   0.2514  +/- 0.4174                     # Amplitude
		c[2] = -1463.46  +/- 55.573                     # Center
		c[3] = 171.1233  +/- 3866.0                     # Sigma^2
		c[4] =   0.0000  (fixed)                        # Background

	Mean Residual = -0.0001106
	Sigma of Residuals = 0.0019498
	Maximum of cross-correlation is in bin = -1463.
	Variance of cross-correlation = 0.03243608
	HJD of observation = INDEF               MJD = INDEF
	Object sample used in correlation = `*'
	Template sample used in correlation = `*'
	Tonry&Davis R value = 5.480035

Velocity Results:
	Shift of peak = -1463.4617 pixels
	Correlation height = 0.251
	FWHM of peak = 275.3133 Km/sec	(=30.80437 pixels)

	Velocity computed from shift = -12798.4492 Km/sec
	Observed velocity = INDEF Km/sec
	Heliocentric velocity = INDEF +/- 33.369 Km/sec

Comments:
	WARNING: Using template velocity of 0 km/s.
	ERROR: Error getting 'DATE-OBS' from temp image header.
	ERROR: Error getting 'RA' from temp image header.
	ERROR: Error getting 'DEC' from temp image header.
	ERROR: Missing EPOCH keyword.
	


             Description of Fit to CCF Peak and Cross-Correlation
	   NOAO/IRAF V2.16.1 juan@juan-UX303LA Tue 21:33:20 17-Nov-2015

Obj  = `          cluster.2.fits[1]'   star = `NGC5139'
Temp = `           template.fits[1]'   star = `'
Deltav = 8.937 Km/sec                  Tempvel = INDEF Km/sec

Fit Parameters:
         Function = `gaussian'               Width = INDEF
           Height = 0.                    Minwidth = 3.
             Peak = no                    Maxwidth = 21.
          Weights = YES                 Background = 0.
        Wincenter = INDEF                   Window = INDEF

	Number of points fit = 21
	Number of iterations = 3
	Number of coeffs fit = 1 - 3
	Chi Squared of fit = 8.218E-7
	Fit Coefficients:
		c[1] =   0.2428  +/- 0.4155                     # Amplitude
		c[2] = -1462.96  +/- 57.434                     # Center
		c[3] = 171.5020  +/- 3965.8                     # Sigma^2
		c[4] =   0.0000  (fixed)                        # Background

	Mean Residual = 0.0001353
	Sigma of Residuals = 0.0023098
	Maximum of cross-correlation is in bin = -1463.
	Variance of cross-correlation = 0.03411328
	HJD of observation = INDEF               MJD = INDEF
	Object sample used in correlation = `*'
	Template sample used in correlation = `*'
	Tonry&Davis R value = 5.032094

Velocity Results:
	Shift of peak = -1462.9596 pixels
	Correlation height = 0.243
	FWHM of peak = 275.6178 Km/sec	(=30.83844 pixels)

	Velocity computed from shift = -12794.1533 Km/sec
	Observed velocity = INDEF Km/sec
	Heliocentric velocity = INDEF +/- 35.886 Km/sec

Comments:
	WARNING: Using template velocity of 0 km/s.
	ERROR: Error getting 'DATE-OBS' from temp image header.
	ERROR: Error getting 'RA' from temp image header.
	ERROR: Error getting 'DEC' from temp image header.
	ERROR: Missing EPOCH keyword.
	


             Description of Fit to CCF Peak and Cross-Correlation
	   NOAO/IRAF V2.16.1 juan@juan-UX303LA Tue 21:33:21 17-Nov-2015

Obj  = `          cluster.3.fits[1]'   star = `NGC5139'
Temp = `           template.fits[1]'   star = `'
Deltav = 8.937 Km/sec                  Tempvel = INDEF Km/sec

Fit Parameters:
         Function = `gaussian'               Width = INDEF
           Height = 0.                    Minwidth = 3.
             Peak = no                    Maxwidth = 21.
          Weights = YES                 Background = 0.
        Wincenter = INDEF                   Window = INDEF

	Number of points fit = 21
	Number of iterations = 3
	Number of coeffs fit = 1 - 3
	Chi Squared of fit = 6.263E-8
	Fit Coefficients:
		c[1] =   0.1525  +/- 0.4170                     # Amplitude
		c[2] = -19.8425  +/- 85.386                     # Center
		c[3] = 158.6029  +/- 5472.1                     # Sigma^2
		c[4] =   0.0000  (fixed)                        # Background

	Mean Residual = 0.0000719
	Sigma of Residuals = 0.0006282
	Maximum of cross-correlation is in bin = -20.
	Variance of cross-correlation = 0.03802149
	HJD of observation = INDEF               MJD = INDEF
	Object sample used in correlation = `*'
	Template sample used in correlation = `*'
	Tonry&Davis R value = 2.836673

Velocity Results:
	Shift of peak = -19.8425 pixels
	Correlation height = 0.153
	FWHM of peak = 265.0502 Km/sec	(=29.65605 pixels)

	Velocity computed from shift = -177.2896 Km/sec
	Observed velocity = INDEF Km/sec
	Heliocentric velocity = INDEF +/- 54.258 Km/sec

Comments:
	WARNING: Using template velocity of 0 km/s.
	ERROR: Error getting 'DATE-OBS' from temp image header.
	ERROR: Error getting 'RA' from temp image header.
	ERROR: Error getting 'DEC' from temp image header.
	ERROR: Missing EPOCH keyword.
	


             Description of Fit to CCF Peak and Cross-Correlation
	   NOAO/IRAF V2.16.1 juan@juan-UX303LA Tue 21:33:21 17-Nov-2015

Obj  = `          cluster.4.fits[1]'   star = `NGC5139'
Temp = `           template.fits[1]'   star = `'
Deltav = 8.937 Km/sec                  Tempvel = INDEF Km/sec

Fit Parameters:
         Function = `gaussian'               Width = INDEF
           Height = 0.                    Minwidth = 3.
             Peak = no                    Maxwidth = 21.
          Weights = YES                 Background = 0.
        Wincenter = INDEF                   Window = INDEF

	Number of points fit = 21
	Number of iterations = 3
	Number of coeffs fit = 1 - 3
	Chi Squared of fit = 1.335E-7
	Fit Coefficients:
		c[1] =   0.1977  +/- 0.4198                     # Amplitude
		c[2] =  26.1300  +/- 55.455                     # Center
		c[3] = 129.9042  +/- 2930.3                     # Sigma^2
		c[4] =   0.0000  (fixed)                        # Background

	Mean Residual = 0.0002514
	Sigma of Residuals = 0.0009669
	Maximum of cross-correlation is in bin = 26.
	Variance of cross-correlation = 0.03644582
	HJD of observation = INDEF               MJD = INDEF
	Object sample used in correlation = `*'
	Template sample used in correlation = `*'
	Tonry&Davis R value = 3.836388

Velocity Results:
	Shift of peak = 26.1300 pixels
	Correlation height = 0.198
	FWHM of peak = 239.8746 Km/sec	(=26.83919 pixels)

	Velocity computed from shift = 233.6277 Km/sec
	Observed velocity = INDEF Km/sec
	Heliocentric velocity = INDEF +/- 38.954 Km/sec

Comments:
	WARNING: Using template velocity of 0 km/s.
	ERROR: Error getting 'DATE-OBS' from temp image header.
	ERROR: Error getting 'RA' from temp image header.
	ERROR: Error getting 'DEC' from temp image header.
	ERROR: Missing EPOCH keyword.
	


             Description of Fit to CCF Peak and Cross-Correlation
	   NOAO/IRAF V2.16.1 juan@juan-UX303LA Tue 21:33:21 17-Nov-2015

Obj  = `          cluster.5.fits[1]'   star = `NGC5139'
Temp = `           template.fits[1]'   star = `'
Deltav = 8.937 Km/sec                  Tempvel = INDEF Km/sec

Fit Parameters:
         Function = `gaussian'               Width = INDEF
           Height = 0.                    Minwidth = 3.
             Peak = no                    Maxwidth = 21.
          Weights = YES                 Background = 0.
        Wincenter = INDEF                   Window = INDEF

	Number of points fit = 21
	Number of iterations = 3
	Number of coeffs fit = 1 - 3
	Chi Squared of fit = 3.922E-7
	Fit Coefficients:
		c[1] =   0.2192  +/- 0.4145                     # Amplitude
		c[2] = -1469.27  +/- 74.289                     # Center
		c[3] = 203.8383  +/- 6091.3                     # Sigma^2
		c[4] =   0.0000  (fixed)                        # Background

	Mean Residual = -0.0000506
	Sigma of Residuals = 0.0014982
	Maximum of cross-correlation is in bin = -1469.
	Variance of cross-correlation = 0.03083812
	HJD of observation = INDEF               MJD = INDEF
	Object sample used in correlation = `*'
	Template sample used in correlation = `*'
	Tonry&Davis R value = 5.02612

Velocity Results:
	Shift of peak = -1469.2684 pixels
	Correlation height = 0.219
	FWHM of peak = 300.4799 Km/sec	(=33.62022 pixels)

	Velocity computed from shift = -12848.1270 Km/sec
	Observed velocity = INDEF Km/sec
	Heliocentric velocity = INDEF +/- 39.162 Km/sec

Comments:
	WARNING: Using template velocity of 0 km/s.
	ERROR: Error getting 'DATE-OBS' from temp image header.
	ERROR: Error getting 'RA' from temp image header.
	ERROR: Error getting 'DEC' from temp image header.
	ERROR: Missing EPOCH keyword.
	


             Description of Fit to CCF Peak and Cross-Correlation
	   NOAO/IRAF V2.16.1 juan@juan-UX303LA Tue 21:33:21 17-Nov-2015

Obj  = `          cluster.6.fits[1]'   star = `NGC5139'
Temp = `           template.fits[1]'   star = `'
Deltav = 8.937 Km/sec                  Tempvel = INDEF Km/sec

Fit Parameters:
         Function = `gaussian'               Width = INDEF
           Height = 0.                    Minwidth = 3.
             Peak = no                    Maxwidth = 21.
          Weights = YES                 Background = 0.
        Wincenter = INDEF                   Window = INDEF

	Number of points fit = 21
	Number of iterations = 3
	Number of coeffs fit = 1 - 3
	Chi Squared of fit = 5.182E-7
	Fit Coefficients:
		c[1] =   0.0854  +/- 0.4182                     # Amplitude
		c[2] = -771.302  +/- 146.66                     # Center
		c[3] = 151.5016  +/- 9018.0                     # Sigma^2
		c[4] =   0.0000  (fixed)                        # Background

	Mean Residual = -0.0002100
	Sigma of Residuals = 0.0020336
	Maximum of cross-correlation is in bin = -771.
	Variance of cross-correlation = 0.02241689
	HJD of observation = INDEF               MJD = INDEF
	Object sample used in correlation = `*'
	Template sample used in correlation = `*'
	Tonry&Davis R value = 2.694651

Velocity Results:
	Shift of peak = -771.3020 pixels
	Correlation height = 0.085
	FWHM of peak = 259.0486 Km/sec	(=28.98454 pixels)

	Velocity computed from shift = -6814.8511 Km/sec
	Observed velocity = INDEF Km/sec
	Heliocentric velocity = INDEF +/- 55.068 Km/sec

Comments:
	WARNING: Using template velocity of 0 km/s.
	ERROR: Error getting 'DATE-OBS' from temp image header.
	ERROR: Error getting 'RA' from temp image header.
	ERROR: Error getting 'DEC' from temp image header.
	ERROR: Missing EPOCH keyword.
	


             Description of Fit to CCF Peak and Cross-Correlation
	   NOAO/IRAF V2.16.1 juan@juan-UX303LA Tue 21:33:21 17-Nov-2015

Obj  = `          cluster.7.fits[1]'   star = `NGC5139'
Temp = `           template.fits[1]'   star = `'
Deltav = 8.937 Km/sec                  Tempvel = INDEF Km/sec

Fit Parameters:
         Function = `gaussian'               Width = INDEF
           Height = 0.                    Minwidth = 3.
             Peak = no                    Maxwidth = 21.
          Weights = YES                 Background = 0.
        Wincenter = INDEF                   Window = INDEF

	Number of points fit = 21
	Number of iterations = 3
	Number of coeffs fit = 1 - 3
	Chi Squared of fit = 2.873E-8
	Fit Coefficients:
		c[1] =   0.3168  +/- 0.4261                     # Amplitude
		c[2] =  17.7921  +/- 26.439                     # Center
		c[3] =  93.6817  +/- 1024.8                     # Sigma^2
		c[4] =   0.0000  (fixed)                        # Background

	Mean Residual = 0.0001386
	Sigma of Residuals = 0.0004598
	Maximum of cross-correlation is in bin = 18.
	Variance of cross-correlation = 0.02676187
	HJD of observation = INDEF               MJD = INDEF
	Object sample used in correlation = `*'
	Template sample used in correlation = `*'
	Tonry&Davis R value = 8.371032

Velocity Results:
	Shift of peak = 17.7921 pixels
	Correlation height = 0.317
	FWHM of peak = 203.7042 Km/sec	(=22.79214 pixels)

	Velocity computed from shift = 159.0587 Km/sec
	Observed velocity = INDEF Km/sec
	Heliocentric velocity = INDEF +/- 17.073 Km/sec

Comments:
	WARNING: Using template velocity of 0 km/s.
	ERROR: Error getting 'DATE-OBS' from temp image header.
	ERROR: Error getting 'RA' from temp image header.
	ERROR: Error getting 'DEC' from temp image header.
	ERROR: Missing EPOCH keyword.
	


             Description of Fit to CCF Peak and Cross-Correlation
	   NOAO/IRAF V2.16.1 juan@juan-UX303LA Tue 21:33:21 17-Nov-2015

Obj  = `          cluster.8.fits[1]'   star = `NGC5139'
Temp = `           template.fits[1]'   star = `'
Deltav = 8.937 Km/sec                  Tempvel = INDEF Km/sec

Fit Parameters:
         Function = `gaussian'               Width = INDEF
           Height = 0.                    Minwidth = 3.
             Peak = no                    Maxwidth = 21.
          Weights = YES                 Background = 0.
        Wincenter = INDEF                   Window = INDEF

	Number of points fit = 21
	Number of iterations = 17
	Number of coeffs fit = 1 - 3
	Chi Squared of fit = 8.773E-8
	Fit Coefficients:
		c[1] =   0.1957  +/- 0.4356                     # Amplitude
		c[2] = -1480.50  +/- 1920.8                     # Center
		c[3] = 1724.275  +/- 1.081E6                    # Sigma^2
		c[4] =   0.0000  (fixed)                        # Background

	Mean Residual = -0.0024875
	Sigma of Residuals = 0.0055400
	Maximum of cross-correlation is in bin = -1481.
	Variance of cross-correlation = 0.03003269
	HJD of observation = INDEF               MJD = INDEF
	Object sample used in correlation = `*'
	Template sample used in correlation = `*'
	Tonry&Davis R value = 4.608227

Velocity Results:
	Shift of peak = -1480.5037 pixels
	Correlation height = 0.196
	FWHM of peak = 873.9283 Km/sec	(=97.78246 pixels)

	Velocity computed from shift = -12944.2217 Km/sec
	Observed velocity = INDEF Km/sec
	Heliocentric velocity = INDEF +/- 122.388 Km/sec

Comments:
	WARNING: Using template velocity of 0 km/s.
	ERROR: Error getting 'DATE-OBS' from temp image header.
	ERROR: Error getting 'RA' from temp image header.
	ERROR: Error getting 'DEC' from temp image header.
	ERROR: Missing EPOCH keyword.
	


             Description of Fit to CCF Peak and Cross-Correlation
	   NOAO/IRAF V2.16.1 juan@juan-UX303LA Tue 21:33:21 17-Nov-2015

Obj  = `          cluster.9.fits[1]'   star = `NGC5139'
Temp = `           template.fits[1]'   star = `'
Deltav = 8.937 Km/sec                  Tempvel = INDEF Km/sec

Fit Parameters:
         Function = `gaussian'               Width = INDEF
           Height = 0.                    Minwidth = 3.
             Peak = no                    Maxwidth = 21.
          Weights = YES                 Background = 0.
        Wincenter = INDEF                   Window = INDEF

	Number of points fit = 21
	Number of iterations = 3
	Number of coeffs fit = 1 - 3
	Chi Squared of fit = 9.411E-7
	Fit Coefficients:
		c[1] =   0.3592  +/- 0.4277                     # Amplitude
		c[2] = -2828.57  +/- 23.082                     # Center
		c[3] =  92.1793  +/- 887.68                     # Sigma^2
		c[4] =   0.0000  (fixed)                        # Background

	Mean Residual = 0.0002520
	Sigma of Residuals = 0.0020592
	Maximum of cross-correlation is in bin = -2828.
	Variance of cross-correlation = 0.02767144
	HJD of observation = INDEF               MJD = INDEF
	Object sample used in correlation = `*'
	Template sample used in correlation = `*'
	Tonry&Davis R value = 9.179597

Velocity Results:
	Shift of peak = -2828.5688 pixels
	Correlation height = 0.359
	FWHM of peak = 202.0642 Km/sec	(=22.60864 pixels)

	Velocity computed from shift = -24243.7480 Km/sec
	Observed velocity = INDEF Km/sec
	Heliocentric velocity = INDEF +/- 15.590 Km/sec

Comments:
	WARNING: Using template velocity of 0 km/s.
	ERROR: Error getting 'DATE-OBS' from temp image header.
	ERROR: Error getting 'RA' from temp image header.
	ERROR: Error getting 'DEC' from temp image header.
	ERROR: Missing EPOCH keyword.
	


             Description of Fit to CCF Peak and Cross-Correlation
	   NOAO/IRAF V2.16.1 juan@juan-UX303LA Tue 21:33:21 17-Nov-2015

Obj  = `         cluster.10.fits[1]'   star = `NGC5139'
Temp = `           template.fits[1]'   star = `'
Deltav = 8.937 Km/sec                  Tempvel = INDEF Km/sec

Fit Parameters:
         Function = `gaussian'               Width = INDEF
           Height = 0.                    Minwidth = 3.
             Peak = no                    Maxwidth = 21.
          Weights = YES                 Background = 0.
        Wincenter = INDEF                   Window = INDEF

	Number of points fit = 21
	Number of iterations = 3
	Number of coeffs fit = 1 - 3
	Chi Squared of fit = 4.281E-7
	Fit Coefficients:
		c[1] =   0.2159  +/- 0.4164                     # Amplitude
		c[2] = -1479.04  +/- 60.776                     # Center
		c[3] = 160.0076  +/- 3923.4                     # Sigma^2
		c[4] =   0.0000  (fixed)                        # Background

	Mean Residual = 0.0001954
	Sigma of Residuals = 0.0017066
	Maximum of cross-correlation is in bin = -1479.
	Variance of cross-correlation = 0.02465566
	HJD of observation = INDEF               MJD = INDEF
	Object sample used in correlation = `*'
	Template sample used in correlation = `*'
	Tonry&Davis R value = 6.190771

Velocity Results:
	Shift of peak = -1479.0417 pixels
	Correlation height = 0.216
	FWHM of peak = 266.2213 Km/sec	(=29.78708 pixels)

	Velocity computed from shift = -12931.7197 Km/sec
	Observed velocity = INDEF Km/sec
	Heliocentric velocity = INDEF +/- 29.078 Km/sec

Comments:
	WARNING: Using template velocity of 0 km/s.
	ERROR: Error getting 'DATE-OBS' from temp image header.
	ERROR: Error getting 'RA' from temp image header.
	ERROR: Error getting 'DEC' from temp image header.
	ERROR: Missing EPOCH keyword.
	


             Description of Fit to CCF Peak and Cross-Correlation
	   NOAO/IRAF V2.16.1 juan@juan-UX303LA Tue 21:33:21 17-Nov-2015

Obj  = `         cluster.11.fits[1]'   star = `NGC5139'
Temp = `           template.fits[1]'   star = `'
Deltav = 8.937 Km/sec                  Tempvel = INDEF Km/sec

Fit Parameters:
         Function = `gaussian'               Width = INDEF
           Height = 0.                    Minwidth = 3.
             Peak = no                    Maxwidth = 21.
          Weights = YES                 Background = 0.
        Wincenter = INDEF                   Window = INDEF

	Number of points fit = 21
	Number of iterations = 3
	Number of coeffs fit = 1 - 3
	Chi Squared of fit = 3.541E-8
	Fit Coefficients:
		c[1] =   0.2473  +/- 0.4243                     # Amplitude
		c[2] =  21.3193  +/- 37.151                     # Center
		c[3] = 104.9221  +/- 1606.4                     # Sigma^2
		c[4] =   0.0000  (fixed)                        # Background

	Mean Residual = -0.0001673
	Sigma of Residuals = 0.0005528
	Maximum of cross-correlation is in bin = 21.
	Variance of cross-correlation = 0.03144745
	HJD of observation = INDEF               MJD = INDEF
	Object sample used in correlation = `*'
	Template sample used in correlation = `*'
	Tonry&Davis R value = 5.561125

Velocity Results:
	Shift of peak = 21.3193 pixels
	Correlation height = 0.247
	FWHM of peak = 215.5788 Km/sec	(=24.12077 pixels)

	Velocity computed from shift = 190.6015 Km/sec
	Observed velocity = INDEF Km/sec
	Heliocentric velocity = INDEF +/- 25.806 Km/sec

Comments:
	WARNING: Using template velocity of 0 km/s.
	ERROR: Error getting 'DATE-OBS' from temp image header.
	ERROR: Error getting 'RA' from temp image header.
	ERROR: Error getting 'DEC' from temp image header.
	ERROR: Missing EPOCH keyword.
	


             Description of Fit to CCF Peak and Cross-Correlation
	   NOAO/IRAF V2.16.1 juan@juan-UX303LA Tue 21:33:21 17-Nov-2015

Obj  = `         cluster.12.fits[1]'   star = `NGC5139'
Temp = `           template.fits[1]'   star = `'
Deltav = 8.937 Km/sec                  Tempvel = INDEF Km/sec

Fit Parameters:
         Function = `gaussian'               Width = INDEF
           Height = 0.                    Minwidth = 3.
             Peak = no                    Maxwidth = 21.
          Weights = YES                 Background = 0.
        Wincenter = INDEF                   Window = INDEF

	Number of points fit = 21
	Number of iterations = 3
	Number of coeffs fit = 1 - 3
	Chi Squared of fit = 7.830E-7
	Fit Coefficients:
		c[1] =   0.2526  +/- 0.4140                     # Amplitude
		c[2] = -1477.33  +/- 69.295                     # Center
		c[3] = 220.6224  +/- 6150.3                     # Sigma^2
		c[4] =   0.0000  (fixed)                        # Background

	Mean Residual = -0.0000490
	Sigma of Residuals = 0.0020302
	Maximum of cross-correlation is in bin = -1477.
	Variance of cross-correlation = 0.03052023
	HJD of observation = INDEF               MJD = INDEF
	Object sample used in correlation = `*'
	Template sample used in correlation = `*'
	Tonry&Davis R value = 5.852346

Velocity Results:
	Shift of peak = -1477.3331 pixels
	Correlation height = 0.253
	FWHM of peak = 312.606 Km/sec	(=34.97699 pixels)

	Velocity computed from shift = -12917.1084 Km/sec
	Observed velocity = INDEF Km/sec
	Heliocentric velocity = INDEF +/- 35.830 Km/sec

Comments:
	WARNING: Using template velocity of 0 km/s.
	ERROR: Error getting 'DATE-OBS' from temp image header.
	ERROR: Error getting 'RA' from temp image header.
	ERROR: Error getting 'DEC' from temp image header.
	ERROR: Missing EPOCH keyword.
	


             Description of Fit to CCF Peak and Cross-Correlation
	   NOAO/IRAF V2.16.1 juan@juan-UX303LA Tue 21:33:21 17-Nov-2015

Obj  = `         cluster.13.fits[1]'   star = `NGC5139'
Temp = `           template.fits[1]'   star = `'
Deltav = 8.937 Km/sec                  Tempvel = INDEF Km/sec

Fit Parameters:
         Function = `gaussian'               Width = INDEF
           Height = 0.                    Minwidth = 3.
             Peak = no                    Maxwidth = 21.
          Weights = YES                 Background = 0.
        Wincenter = INDEF                   Window = INDEF

	Number of points fit = 21
	Number of iterations = 4
	Number of coeffs fit = 1 - 3
	Chi Squared of fit = 8.721E-9
	Fit Coefficients:
		c[1] =   0.1133  +/- 0.4062                     # Amplitude
		c[2] = -355.362  +/- 863.39                     # Center
		c[3] = 1335.059  +/- 457017.3                   # Sigma^2
		c[4] =   0.0000  (fixed)                        # Background

	Mean Residual = 0.0000307
	Sigma of Residuals = 0.0001977
	Maximum of cross-correlation is in bin = -355.
	Variance of cross-correlation = 0.07006221
	HJD of observation = INDEF               MJD = INDEF
	Object sample used in correlation = `*'
	Template sample used in correlation = `*'
	Tonry&Davis R value = 1.143554

Velocity Results:
	Shift of peak = -355.3622 pixels
	Correlation height = 0.113
	FWHM of peak = 768.9938 Km/sec	(=86.04149 pixels)

	Velocity computed from shift = -3159.2815 Km/sec
	Observed velocity = INDEF Km/sec
	Heliocentric velocity = INDEF +/- 281.759 Km/sec

Comments:
	WARNING: Using template velocity of 0 km/s.
	ERROR: Error getting 'DATE-OBS' from temp image header.
	ERROR: Error getting 'RA' from temp image header.
	ERROR: Error getting 'DEC' from temp image header.
	ERROR: Missing EPOCH keyword.
	


             Description of Fit to CCF Peak and Cross-Correlation
	   NOAO/IRAF V2.16.1 juan@juan-UX303LA Tue 21:33:21 17-Nov-2015

Obj  = `         cluster.14.fits[1]'   star = `NGC5139'
Temp = `           template.fits[1]'   star = `'
Deltav = 8.937 Km/sec                  Tempvel = INDEF Km/sec

Fit Parameters:
         Function = `gaussian'               Width = INDEF
           Height = 0.                    Minwidth = 3.
             Peak = no                    Maxwidth = 21.
          Weights = YES                 Background = 0.
        Wincenter = INDEF                   Window = INDEF

	Number of points fit = 21
	Number of iterations = 3
	Number of coeffs fit = 1 - 3
	Chi Squared of fit = 2.730E-6
	Fit Coefficients:
		c[1] =   0.1581  +/- 0.4270                     # Amplitude
		c[2] =  16.0830  +/- 50.440                     # Center
		c[3] =  88.1092  +/- 1843.0                     # Sigma^2
		c[4] =   0.0000  (fixed)                        # Background

	Mean Residual = -0.0000569
	Sigma of Residuals = 0.0042981
	Maximum of cross-correlation is in bin = 16.
	Variance of cross-correlation = 0.02968888
	HJD of observation = INDEF               MJD = INDEF
	Object sample used in correlation = `*'
	Template sample used in correlation = `*'
	Tonry&Davis R value = 3.765475

Velocity Results:
	Shift of peak = 16.0830 pixels
	Correlation height = 0.158
	FWHM of peak = 197.5528 Km/sec	(=22.10387 pixels)

	Velocity computed from shift = 143.7765 Km/sec
	Observed velocity = INDEF Km/sec
	Heliocentric velocity = INDEF +/- 32.559 Km/sec

Comments:
	WARNING: Using template velocity of 0 km/s.
	ERROR: Error getting 'DATE-OBS' from temp image header.
	ERROR: Error getting 'RA' from temp image header.
	ERROR: Error getting 'DEC' from temp image header.
	ERROR: Missing EPOCH keyword.
	


             Description of Fit to CCF Peak and Cross-Correlation
	   NOAO/IRAF V2.16.1 juan@juan-UX303LA Tue 21:33:21 17-Nov-2015

Obj  = `         cluster.15.fits[1]'   star = `NGC5139'
Temp = `           template.fits[1]'   star = `'
Deltav = 8.937 Km/sec                  Tempvel = INDEF Km/sec

Fit Parameters:
         Function = `gaussian'               Width = INDEF
           Height = 0.                    Minwidth = 3.
             Peak = no                    Maxwidth = 21.
          Weights = YES                 Background = 0.
        Wincenter = INDEF                   Window = INDEF

	Number of points fit = 21
	Number of iterations = 3
	Number of coeffs fit = 1 - 3
	Chi Squared of fit = 1.106E-8
	Fit Coefficients:
		c[1] =   0.2480  +/- 0.4218                     # Amplitude
		c[2] =  21.4267  +/- 42.541                     # Center
		c[3] = 123.7216  +/- 2159.7                     # Sigma^2
		c[4] =   0.0000  (fixed)                        # Background

	Mean Residual = -0.0000197
	Sigma of Residuals = 0.0002466
	Maximum of cross-correlation is in bin = 21.
	Variance of cross-correlation = 0.03381608
	HJD of observation = INDEF               MJD = INDEF
	Object sample used in correlation = `*'
	Template sample used in correlation = `*'
	Tonry&Davis R value = 5.185626

Velocity Results:
	Shift of peak = 21.4267 pixels
	Correlation height = 0.248
	FWHM of peak = 234.0967 Km/sec	(=26.19271 pixels)

	Velocity computed from shift = 191.5618 Km/sec
	Observed velocity = INDEF Km/sec
	Heliocentric velocity = INDEF +/- 29.724 Km/sec

Comments:
	WARNING: Using template velocity of 0 km/s.
	ERROR: Error getting 'DATE-OBS' from temp image header.
	ERROR: Error getting 'RA' from temp image header.
	ERROR: Error getting 'DEC' from temp image header.
	ERROR: Missing EPOCH keyword.
	

