IRAF rvsao.xcsao 2.8.2 juan@juan-UX303LA  17-Nov-2015 22:12

cluster.1 Object: NGC5139 
RA: 13:26:47.00 Dec: -47:28:46.0 2000.0
2014-May-15 -2:55:00.00 =HJD2456792.3831 BCV:   0.00
7800.0A- 8724.0A 2048 points, filter: 10 20 125 250 apodize 0.05 fit 0.5 best 1
Temp:  flux_star_calib vel:  38.69  tsh:   0.00 HCV:   0.00 Peak:  -0.090 h:0.549 R:   8.06 CZ: 120.039 +/-  10.127 1 -el
IRAF rvsao.xcsao 2.8.2 juan@juan-UX303LA  17-Nov-2015 22:12

cluster.2 Object: NGC5139 
RA: 13:26:47.00 Dec: -47:28:46.0 2000.0
2014-May-15 -2:55:00.00 =HJD2456792.3831 BCV:   0.00
7800.0A- 8724.0A 2048 points, filter: 10 20 125 250 apodize 0.05 fit 0.5 best 1
Temp:  flux_star_calib vel:  38.69  tsh:   0.00 HCV:   0.00 Peak:   0.760 h:0.540 R:   7.83 CZ: 119.291 +/-  10.788 1 -el
IRAF rvsao.xcsao 2.8.2 juan@juan-UX303LA  17-Nov-2015 22:13

cluster.2 Object: NGC5139 
RA: 13:26:47.00 Dec: -47:28:46.0 2000.0
2014-May-15 -2:55:00.00 =HJD2456792.3831 BCV:   0.00
7800.0A- 8724.0A 2048 points, filter: 10 20 125 250 apodize 0.05 fit 0.5 best 1
Temp:  flux_star_calib vel:  38.69  tsh:   0.00 HCV:   0.00 Peak:   0.760 h:0.540 R:   7.83 CZ: 119.291 +/-  10.788 1 -el
IRAF rvsao.xcsao 2.8.2 juan@juan-UX303LA  17-Nov-2015 22:13

cluster.3 Object: NGC5139 
RA: 13:26:47.00 Dec: -47:28:46.0 2000.0
2014-May-15 -2:55:00.00 =HJD2456792.3831 BCV:   0.00
7980.1A- 8724.0A 2048 points, filter: 10 20 125 250 apodize 0.05 fit 0.5 best 1
Temp:  flux_star_calib vel:  38.69  tsh:   0.00 HCV:   0.00 Peak: 2397.77 h:0.172 R:   2.17 CZ: 11574.3 +/-  22.809 1 -el
IRAF rvsao.xcsao 2.8.2 juan@juan-UX303LA  17-Nov-2015 22:13

cluster.4 Object: NGC5139 
RA: 13:26:47.00 Dec: -47:28:46.0 2000.0
2014-May-15 -2:55:00.00 =HJD2456792.3831 BCV:   0.00
7800.0A- 8724.0A 2048 points, filter: 10 20 125 250 apodize 0.05 fit 0.5 best 1
Temp:  flux_star_calib vel:  38.69  tsh:   0.00 HCV:   0.00 Peak:  -0.155 h:0.384 R:   5.82 CZ:  80.045 +/-  13.073 1 -el
IRAF rvsao.xcsao 2.8.2 juan@juan-UX303LA  17-Nov-2015 22:14

cluster.5 Object: NGC5139 
RA: 13:26:47.00 Dec: -47:28:46.0 2000.0
2014-May-15 -2:55:00.00 =HJD2456792.3831 BCV:   0.00
7800.0A- 8724.0A 2048 points, filter: 10 20 125 250 apodize 0.05 fit 0.5 best 1
Temp:  flux_star_calib vel:  38.69  tsh:   0.00 HCV:   0.00 Peak:  -1.969 h:0.312 R:   4.50 CZ:  91.533 +/-  25.074 1 -el
IRAF rvsao.xcsao 2.8.2 juan@juan-UX303LA  17-Nov-2015 22:14

cluster.6 Object: NGC5139 
RA: 13:26:47.00 Dec: -47:28:46.0 2000.0
2014-May-15 -2:55:00.00 =HJD2456792.3831 BCV:   0.00
7800.0A- 8724.0A 2048 points, filter: 10 20 125 250 apodize 0.05 fit 0.5 best 1
Temp:  flux_star_calib vel:  38.69  tsh:   0.00 HCV:   0.00 Peak:  -0.432 h:0.172 R:   2.26 CZ:  57.654 +/-  18.514 1 -el
IRAF rvsao.xcsao 2.8.2 juan@juan-UX303LA  17-Nov-2015 22:15

cluster.7 Object: NGC5139 
RA: 13:26:47.00 Dec: -47:28:46.0 2000.0
2014-May-15 -2:55:00.00 =HJD2456792.3831 BCV:   0.00
7800.0A- 8724.0A 2048 points, filter: 10 20 125 250 apodize 0.05 fit 0.5 best 1
Temp:  flux_star_calib vel:  38.69  tsh:   0.00 HCV:   0.00 Peak:   9.014 h:0.298 R:   4.68 CZ:  22.701 +/-  23.709 1 -el
IRAF rvsao.xcsao 2.8.2 juan@juan-UX303LA  17-Nov-2015 22:15

cluster.8 Object: NGC5139 
RA: 13:26:47.00 Dec: -47:28:46.0 2000.0
2014-May-15 -2:55:00.00 =HJD2456792.3831 BCV:   0.00
7800.0A- 8724.0A 2048 points, filter: 10 20 125 250 apodize 0.05 fit 0.5 best 1
Temp:  flux_star_calib vel:  38.69  tsh:   0.00 HCV:   0.00 Peak:  -0.087 h:0.468 R:   7.57 CZ:  28.137 +/-  10.448 1 -el
IRAF rvsao.xcsao 2.8.2 juan@juan-UX303LA  17-Nov-2015 22:15

cluster.9 Object: NGC5139 
RA: 13:26:47.00 Dec: -47:28:46.0 2000.0
2014-May-15 -2:55:00.00 =HJD2456792.3831 BCV:   0.00
7979.5A- 8724.0A 2048 points, filter: 10 20 125 250 apodize 0.05 fit 0.5 best 1
Temp:  flux_star_calib vel:  38.69  tsh:   0.00 HCV:   0.00 Peak: 3132.65 h:0.249 R:   3.10 CZ: 12307.4 +/-  15.846 1 -el
IRAF rvsao.xcsao 2.8.2 juan@juan-UX303LA  17-Nov-2015 22:16

cluster.10 Object: NGC5139 
RA: 13:26:47.00 Dec: -47:28:46.0 2000.0
2014-May-15 -2:55:00.00 =HJD2456792.3831 BCV:   0.00
7800.0A- 8724.0A 2048 points, filter: 10 20 125 250 apodize 0.05 fit 0.5 best 1
Temp:  flux_star_calib vel:  38.69  tsh:   0.00 HCV:   0.00 Peak:  -0.665 h:0.364 R:   5.24 CZ:  10.509 +/-  14.485 1 -el
IRAF rvsao.xcsao 2.8.2 juan@juan-UX303LA  17-Nov-2015 22:16

cluster.11 Object: NGC5139 
RA: 13:26:47.00 Dec: -47:28:46.0 2000.0
2014-May-15 -2:55:00.00 =HJD2456792.3831 BCV:   0.00
7800.0A- 8724.0A 2048 points, filter: 10 20 125 250 apodize 0.05 fit 0.5 best 1
Temp:  flux_star_calib vel:  38.69  tsh:   0.00 HCV:   0.00 Peak:  -7.785 h:0.371 R:   5.29 CZ:  12.141 +/-  20.294 1 -el
IRAF rvsao.xcsao 2.8.2 juan@juan-UX303LA  17-Nov-2015 22:16

cluster.12 Object: NGC5139 
RA: 13:26:47.00 Dec: -47:28:46.0 2000.0
2014-May-15 -2:55:00.00 =HJD2456792.3831 BCV:   0.00
7800.0A- 8724.0A 2048 points, filter: 10 20 125 250 apodize 0.05 fit 0.5 best 1
Temp:  flux_star_calib vel:  38.69  tsh:   0.00 HCV:   0.00 Peak:  -0.704 h:0.463 R:   5.91 CZ: -33.582 +/-  13.339 1 -el
IRAF rvsao.xcsao 2.8.2 juan@juan-UX303LA  17-Nov-2015 22:17

cluster.13 Object: NGC5139 
RA: 13:26:47.00 Dec: -47:28:46.0 2000.0
2014-May-15 -2:55:00.00 =HJD2456792.3831 BCV:   0.00
7800.0A- 8724.0A 2048 points, filter: 10 20 125 250 apodize 0.05 fit 0.5 best 1
Temp:  flux_star_calib vel:  38.69  tsh:   0.00 HCV:   0.00 Peak:   0.097 h:0.381 R:   4.66 CZ: -57.344 +/-  12.990 1 -el
IRAF rvsao.xcsao 2.8.2 juan@juan-UX303LA  17-Nov-2015 22:17

cluster.14 Object: NGC5139 
RA: 13:26:47.00 Dec: -47:28:46.0 2000.0
2014-May-15 -2:55:00.00 =HJD2456792.3831 BCV:   0.00
7800.0A- 8724.0A 2048 points, filter: 10 20 125 250 apodize 0.05 fit 0.5 best 1
Temp:  flux_star_calib vel:  38.69  tsh:   0.00 HCV:   0.00 Peak:   2.780 h:0.175 R:   2.70 CZ:   7.402 +/-  40.484 1 -el
IRAF rvsao.xcsao 2.8.2 juan@juan-UX303LA  17-Nov-2015 22:17

cluster.15 Object: NGC5139 
RA: 13:26:47.00 Dec: -47:28:46.0 2000.0
2014-May-15 -2:55:00.00 =HJD2456792.3831 BCV:   0.00
7800.0A- 8724.0A 2048 points, filter: 10 20 125 250 apodize 0.05 fit 0.5 best 1
Temp:  flux_star_calib vel:  38.69  tsh:   0.00 HCV:   0.00 Peak:   0.418 h:0.466 R:   6.55 CZ:  26.334 +/-  11.623 1 -el
IRAF rvsao.xcsao 2.8.2 juan@juan-UX303LA  17-Nov-2015 22:18

cluster.1 Object: NGC5139 
RA: 13:26:47.00 Dec: -47:28:46.0 2000.0
2014-May-15 -2:55:00.00 =HJD2456792.3831 BCV:   0.00
7800.0A- 8724.0A 2048 points, filter: 10 20 125 250 apodize 0.05 fit 0.5 best 1
Temp:  flux_star_calib vel:  38.69  tsh:   0.00 HCV:   0.00 Peak:  -0.090 h:0.549 R:   8.06 CZ: 120.039 +/-  10.127 1 -el
IRAF rvsao.xcsao 2.8.2 juan@juan-UX303LA  17-Nov-2015 22:18

cluster.13 Object: NGC5139 
RA: 13:26:47.00 Dec: -47:28:46.0 2000.0
2014-May-15 -2:55:00.00 =HJD2456792.3831 BCV:   0.00
7800.0A- 8724.0A 2048 points, filter: 10 20 125 250 apodize 0.05 fit 0.5 best 1
Temp:  flux_star_calib vel:  38.69  tsh:   0.00 HCV:   0.00 Peak:   0.097 h:0.381 R:   4.66 CZ: -57.344 +/-  12.990 1 -el
