IRAF rvsao.xcsao 2.8.2 juan@juan-UX303LA  18-Nov-2015 13:33

s_1 Object: 47 Tuc 
RA: 00:24:06.20 Dec: -72:05:37.1 2000.0
2003-Apr-28 10:15:14.60 =HJD2452757.9271 BCV:  13.80
3360.0A- 6430.0A 2048 points, filter: 5 20 125 250 apodize 0.05 fit 0.5 best 1
Temp:              uk2 vel:   0.00  tsh:   0.00 HCV:   0.00 Peak: -50.500 h:0.695 R:  10.89 CZ: -36.699 +/-  29.946 1
IRAF rvsao.xcsao 2.8.2 juan@juan-UX303LA  18-Nov-2015 13:35

s_1 Object: 47 Tuc 
RA: 00:24:06.20 Dec: -72:05:37.1 2000.0
2003-Apr-28 10:15:14.60 =HJD2452757.9271 BCV:  13.80
3360.0A- 6430.0A 2048 points, filter: 5 20 125 250 apodize 0.05 fit 0.5 best 1
Temp:              uk2 vel:   0.00  tsh:   0.00 HCV:   0.00 Peak: -50.500 h:0.695 R:  10.89 CZ: -36.699 +/-  29.946 1
IRAF rvsao.xcsao 2.8.2 juan@juan-UX303LA  18-Nov-2015 13:36

s_1 Object: 47 Tuc 
RA: 00:24:06.20 Dec: -72:05:37.1 2000.0
2003-Apr-28 10:15:14.60 =HJD2452757.9271 BCV:  13.80
3360.0A- 6430.0A 2048 points, filter: 5 20 125 250 apodize 0.05 fit 0.5 best 1
Temp:              uk2 vel:   0.00  tsh:   0.00 HCV:   0.00 Peak: -50.500 h:0.695 R:  10.89 CZ: -36.699 +/-  29.946 1
IRAF rvsao.xcsao 2.8.2 juan@juan-UX303LA  18-Nov-2015 13:36

s_1 Object: 47 Tuc 
RA: 00:24:06.20 Dec: -72:05:37.1 2000.0
2003-Apr-28 10:15:14.60 =HJD2452757.9271 BCV:  13.80
3360.0A- 6430.0A 2048 points, filter: 5 20 125 250 apodize 0.05 fit 0.5 best 1
Temp:              uk2 vel:   0.00  tsh:   0.00 HCV:   0.00 Peak: -50.500 h:0.695 R:  10.89 CZ: -36.699 +/-  29.946 1
